SF:C:\Development\Vulthil\Vulthil.SharedKernel\src\Vulthil.SharedKernel.Application\ApplicationOptions.cs
FN:9,System.Collections.Generic.IReadOnlyList`1<System.Reflection.Assembly> Vulthil.SharedKernel.Application.ApplicationOptions::get_FluentValidationAssemblies()
FNDA:0,System.Collections.Generic.IReadOnlyList`1<System.Reflection.Assembly> Vulthil.SharedKernel.Application.ApplicationOptions::get_FluentValidationAssemblies()
DA:10,0
FN:10,System.Collections.Generic.IReadOnlyList`1<System.Reflection.Assembly> Vulthil.SharedKernel.Application.ApplicationOptions::get_MediatRAssemblies()
FNDA:0,System.Collections.Generic.IReadOnlyList`1<System.Reflection.Assembly> Vulthil.SharedKernel.Application.ApplicationOptions::get_MediatRAssemblies()
DA:11,0
FN:12,System.Boolean Vulthil.SharedKernel.Application.ApplicationOptions::get_AddValidationPipelineBehaviour()
FNDA:0,System.Boolean Vulthil.SharedKernel.Application.ApplicationOptions::get_AddValidationPipelineBehaviour()
DA:13,0
FN:13,System.Boolean Vulthil.SharedKernel.Application.ApplicationOptions::get_AddTransactionalPipelineBehaviour()
FNDA:0,System.Boolean Vulthil.SharedKernel.Application.ApplicationOptions::get_AddTransactionalPipelineBehaviour()
DA:14,0
FN:14,System.Boolean Vulthil.SharedKernel.Application.ApplicationOptions::get_AddRequestLoggingBehaviour()
FNDA:0,System.Boolean Vulthil.SharedKernel.Application.ApplicationOptions::get_AddRequestLoggingBehaviour()
DA:15,0
FN:17,Vulthil.SharedKernel.Application.ApplicationOptions Vulthil.SharedKernel.Application.ApplicationOptions::RegisterMediatRAssemblies(System.Reflection.Assembly[])
FNDA:0,Vulthil.SharedKernel.Application.ApplicationOptions Vulthil.SharedKernel.Application.ApplicationOptions::RegisterMediatRAssemblies(System.Reflection.Assembly[])
DA:18,0
DA:19,0
DA:20,0
DA:21,0
DA:22,0
DA:24,0
DA:25,0
BRDA:19,35,1,0
BRDA:19,35,0,0
FN:27,Vulthil.SharedKernel.Application.ApplicationOptions Vulthil.SharedKernel.Application.ApplicationOptions::RegisterFluentValidationAssemblies(System.Reflection.Assembly[])
FNDA:0,Vulthil.SharedKernel.Application.ApplicationOptions Vulthil.SharedKernel.Application.ApplicationOptions::RegisterFluentValidationAssemblies(System.Reflection.Assembly[])
DA:28,0
DA:29,0
DA:30,0
DA:31,0
DA:32,0
DA:34,0
DA:35,0
BRDA:29,35,1,0
BRDA:29,35,0,0
FN:6,System.Void Vulthil.SharedKernel.Application.ApplicationOptions::.ctor()
FNDA:0,System.Void Vulthil.SharedKernel.Application.ApplicationOptions::.ctor()
DA:7,0
DA:8,0
LF:21
LH:0
BRF:4
BRH:0
FNF:8
FNH:0
end_of_record
SF:C:\Development\Vulthil\Vulthil.SharedKernel\src\Vulthil.SharedKernel.Application\DependencyInjection.cs
FN:9,Microsoft.Extensions.DependencyInjection.IServiceCollection Vulthil.SharedKernel.Application.DependencyInjection::AddApplication(Microsoft.Extensions.DependencyInjection.IServiceCollection,System.Action`1<Vulthil.SharedKernel.Application.ApplicationOptions>)
FNDA:0,Microsoft.Extensions.DependencyInjection.IServiceCollection Vulthil.SharedKernel.Application.DependencyInjection::AddApplication(Microsoft.Extensions.DependencyInjection.IServiceCollection,System.Action`1<Vulthil.SharedKernel.Application.ApplicationOptions>)
DA:10,0
DA:11,0
DA:12,0
DA:14,0
DA:15,0
DA:16,0
DA:17,0
DA:18,0
DA:20,0
DA:21,0
DA:22,0
DA:25,0
DA:26,0
DA:27,0
DA:28,0
DA:29,0
DA:30,0
DA:31,0
DA:32,0
DA:33,0
DA:34,0
DA:35,0
DA:36,0
DA:37,0
DA:38,0
DA:39,0
DA:40,0
DA:41,0
DA:42,0
DA:43,0
DA:45,0
DA:46,0
BRDA:12,19,1,0
BRDA:12,19,0,0
BRDA:14,57,0,0
BRDA:14,57,1,0
BRDA:20,103,0,0
BRDA:20,103,1,0
BRDA:29,37,0,0
BRDA:29,37,1,0
BRDA:34,72,0,0
BRDA:34,72,1,0
BRDA:39,107,0,0
BRDA:39,107,1,0
LF:32
LH:0
BRF:12
BRH:0
FNF:1
FNH:0
end_of_record
SF:C:\Development\Vulthil\Vulthil.SharedKernel\src\Vulthil.SharedKernel.Application\FluentValidationExtensions.cs
FN:9,FluentValidation.IRuleBuilderOptions`2<T,TProperty> Vulthil.SharedKernel.Application.FluentValidationExtensions::WithError(FluentValidation.IRuleBuilderOptions`2<T,TProperty>,Vulthil.SharedKernel.Primitives.Error)
FNDA:0,FluentValidation.IRuleBuilderOptions`2<T,TProperty> Vulthil.SharedKernel.Application.FluentValidationExtensions::WithError(FluentValidation.IRuleBuilderOptions`2<T,TProperty>,Vulthil.SharedKernel.Primitives.Error)
DA:10,0
DA:11,0
DA:12,0
DA:13,0
DA:16,0
DA:17,0
BRDA:11,7,0,0
BRDA:11,7,1,0
LF:6
LH:0
BRF:2
BRH:0
FNF:1
FNH:0
end_of_record
SF:C:\Development\Vulthil\Vulthil.SharedKernel\src\Vulthil.SharedKernel.Application\Behaviours\RequestLoggingPipelineBehavior.cs
FN:7,System.Void Vulthil.SharedKernel.Application.Behaviours.RequestLoggingPipelineBehavior`2::.ctor(Microsoft.Extensions.Logging.ILogger`1<Vulthil.SharedKernel.Application.Behaviours.RequestLoggingPipelineBehavior`2<TRequest,TResponse>>)
FNDA:0,System.Void Vulthil.SharedKernel.Application.Behaviours.RequestLoggingPipelineBehavior`2::.ctor(Microsoft.Extensions.Logging.ILogger`1<Vulthil.SharedKernel.Application.Behaviours.RequestLoggingPipelineBehavior`2<TRequest,TResponse>>)
DA:8,0
DA:9,0
DA:14,0
FN:19,System.Void Vulthil.SharedKernel.Application.Behaviours.RequestLoggingPipelineBehavior`2/<Handle>d__2::MoveNext()
FNDA:0,System.Void Vulthil.SharedKernel.Application.Behaviours.RequestLoggingPipelineBehavior`2/<Handle>d__2::MoveNext()
DA:20,0
DA:21,0
DA:23,0
DA:25,0
DA:27,0
DA:28,0
DA:29,0
DA:30,0
DA:32,0
DA:33,0
DA:34,0
DA:35,0
DA:36,0
DA:37,0
DA:38,0
DA:39,0
DA:40,0
DA:42,0
DA:43,0
BRDA:27,232,0,0
BRDA:27,232,1,0
LF:22
LH:0
BRF:2
BRH:0
FNF:2
FNH:0
end_of_record
SF:C:\Development\Vulthil\Vulthil.SharedKernel\src\Vulthil.SharedKernel.Application\Behaviours\TransactionalPipelineBehaviour.cs
FN:6,System.Void Vulthil.SharedKernel.Application.Behaviours.TransactionalPipelineBehaviour`2::.ctor(Vulthil.SharedKernel.Application.Data.IUnitOfWork)
FNDA:0,System.Void Vulthil.SharedKernel.Application.Behaviours.TransactionalPipelineBehaviour`2::.ctor(Vulthil.SharedKernel.Application.Data.IUnitOfWork)
DA:7,0
DA:8,0
DA:12,0
FN:14,System.Void Vulthil.SharedKernel.Application.Behaviours.TransactionalPipelineBehaviour`2/<Handle>d__2::MoveNext()
FNDA:0,System.Void Vulthil.SharedKernel.Application.Behaviours.TransactionalPipelineBehaviour`2/<Handle>d__2::MoveNext()
DA:15,0
DA:16,0
DA:18,0
DA:20,0
DA:22,0
DA:23,0
LF:9
LH:0
BRF:0
BRH:0
FNF:2
FNH:0
end_of_record
SF:C:\Development\Vulthil\Vulthil.SharedKernel\src\Vulthil.SharedKernel.Application\Behaviours\ValidationPipelineBehaviour.cs
FN:69,Vulthil.SharedKernel.Primitives.ValidationError Vulthil.SharedKernel.Application.Behaviours.ValidationPipelineBehaviour`2::CreateValidationError(FluentValidation.Results.ValidationFailure[])
FNDA:0,Vulthil.SharedKernel.Primitives.ValidationError Vulthil.SharedKernel.Application.Behaviours.ValidationPipelineBehaviour`2::CreateValidationError(FluentValidation.Results.ValidationFailure[])
DA:70,0
BRDA:70,7,0,0
BRDA:70,7,1,0
FN:7,System.Void Vulthil.SharedKernel.Application.Behaviours.ValidationPipelineBehaviour`2::.ctor(System.Collections.Generic.IEnumerable`1<FluentValidation.IValidator`1<TRequest>>)
FNDA:0,System.Void Vulthil.SharedKernel.Application.Behaviours.ValidationPipelineBehaviour`2::.ctor(System.Collections.Generic.IEnumerable`1<FluentValidation.IValidator`1<TRequest>>)
DA:8,0
DA:9,0
DA:13,0
FN:61,System.Boolean Vulthil.SharedKernel.Application.Behaviours.ValidationPipelineBehaviour`2/<>c::<ValidateAsync>b__3_0(FluentValidation.Results.ValidationResult)
FNDA:0,System.Boolean Vulthil.SharedKernel.Application.Behaviours.ValidationPipelineBehaviour`2/<>c::<ValidateAsync>b__3_0(FluentValidation.Results.ValidationResult)
DA:62,0
FN:62,System.Collections.Generic.IEnumerable`1<FluentValidation.Results.ValidationFailure> Vulthil.SharedKernel.Application.Behaviours.ValidationPipelineBehaviour`2/<>c::<ValidateAsync>b__3_1(FluentValidation.Results.ValidationResult)
FNDA:0,System.Collections.Generic.IEnumerable`1<FluentValidation.Results.ValidationFailure> Vulthil.SharedKernel.Application.Behaviours.ValidationPipelineBehaviour`2/<>c::<ValidateAsync>b__3_1(FluentValidation.Results.ValidationResult)
DA:63,0
FN:58,System.Threading.Tasks.Task`1<FluentValidation.Results.ValidationResult> Vulthil.SharedKernel.Application.Behaviours.ValidationPipelineBehaviour`2/<>c__DisplayClass3_0::<ValidateAsync>b__2(FluentValidation.IValidator`1<TRequest>)
FNDA:0,System.Threading.Tasks.Task`1<FluentValidation.Results.ValidationResult> Vulthil.SharedKernel.Application.Behaviours.ValidationPipelineBehaviour`2/<>c__DisplayClass3_0::<ValidateAsync>b__2(FluentValidation.IValidator`1<TRequest>)
DA:59,0
FN:18,System.Void Vulthil.SharedKernel.Application.Behaviours.ValidationPipelineBehaviour`2/<Handle>d__2::MoveNext()
FNDA:0,System.Void Vulthil.SharedKernel.Application.Behaviours.ValidationPipelineBehaviour`2/<Handle>d__2::MoveNext()
DA:19,0
DA:20,0
DA:22,0
DA:23,0
DA:24,0
DA:27,0
DA:28,0
DA:29,0
DA:30,0
DA:31,0
DA:32,0
DA:33,0
DA:35,0
DA:36,0
DA:37,0
DA:40,0
DA:41,0
DA:42,0
DA:43,0
DA:46,0
DA:47,0
BRDA:22,171,0,0
BRDA:22,171,1,0
BRDA:27,319,0,0
BRDA:27,319,1,0
BRDA:27,358,0,0
BRDA:35,446,0,0
BRDA:35,446,1,0
BRDA:27,358,1,0
BRDA:41,535,0,0
BRDA:41,535,1,0
FN:49,System.Void Vulthil.SharedKernel.Application.Behaviours.ValidationPipelineBehaviour`2/<ValidateAsync>d__3::MoveNext()
FNDA:0,System.Void Vulthil.SharedKernel.Application.Behaviours.ValidationPipelineBehaviour`2/<ValidateAsync>d__3::MoveNext()
DA:50,0
DA:51,0
DA:52,0
DA:53,0
DA:56,0
DA:58,0
DA:61,0
DA:64,0
DA:66,0
DA:67,0
BRDA:51,50,0,0
BRDA:51,50,1,0
BRDA:61,252,0,0
BRDA:61,252,1,0
BRDA:61,288,0,0
BRDA:61,288,1,0
LF:38
LH:0
BRF:18
BRH:0
FNF:7
FNH:0
end_of_record
SF:C:\Development\Vulthil\Vulthil.SharedKernel\src\Vulthil.SharedKernel\Primitives\Entity.cs
FN:7,TId Vulthil.SharedKernel.Primitives.Entity`1::get_Id()
FNDA:0,TId Vulthil.SharedKernel.Primitives.Entity`1::get_Id()
DA:8,0
FN:23,System.Collections.Generic.IReadOnlyCollection`1<Vulthil.SharedKernel.Events.IDomainEvent> Vulthil.SharedKernel.Primitives.Entity`1::get_DomainEvents()
FNDA:0,System.Collections.Generic.IReadOnlyCollection`1<Vulthil.SharedKernel.Events.IDomainEvent> Vulthil.SharedKernel.Primitives.Entity`1::get_DomainEvents()
DA:24,0
FN:25,System.Void Vulthil.SharedKernel.Primitives.Entity`1::ClearDomainEvents()
FNDA:0,System.Void Vulthil.SharedKernel.Primitives.Entity`1::ClearDomainEvents()
DA:26,0
FN:27,System.Void Vulthil.SharedKernel.Primitives.Entity`1::Raise(Vulthil.SharedKernel.Events.IDomainEvent)
FNDA:0,System.Void Vulthil.SharedKernel.Primitives.Entity`1::Raise(Vulthil.SharedKernel.Events.IDomainEvent)
DA:28,0
FN:10,System.Void Vulthil.SharedKernel.Primitives.Entity`1::.ctor(TId)
FNDA:0,System.Void Vulthil.SharedKernel.Primitives.Entity`1::.ctor(TId)
DA:11,0
FN:16,System.Void Vulthil.SharedKernel.Primitives.Entity`1::.ctor()
FNDA:0,System.Void Vulthil.SharedKernel.Primitives.Entity`1::.ctor()
DA:17,0
DA:19,0
DA:20,0
DA:22,0
LF:9
LH:0
BRF:0
BRH:0
FNF:6
FNH:0
end_of_record
SF:C:\Development\Vulthil\Vulthil.SharedKernel\src\Vulthil.SharedKernel\Primitives\Error.cs
FN:7,System.String Vulthil.SharedKernel.Primitives.Error::get_Code()
FNDA:0,System.String Vulthil.SharedKernel.Primitives.Error::get_Code()
DA:8,0
FN:8,System.String Vulthil.SharedKernel.Primitives.Error::get_Description()
FNDA:0,System.String Vulthil.SharedKernel.Primitives.Error::get_Description()
DA:9,0
FN:9,Vulthil.SharedKernel.Primitives.ErrorType Vulthil.SharedKernel.Primitives.Error::get_Type()
FNDA:0,Vulthil.SharedKernel.Primitives.ErrorType Vulthil.SharedKernel.Primitives.Error::get_Type()
DA:10,0
FN:18,Vulthil.SharedKernel.Primitives.Error Vulthil.SharedKernel.Primitives.Error::Failure(System.String,System.String)
FNDA:0,Vulthil.SharedKernel.Primitives.Error Vulthil.SharedKernel.Primitives.Error::Failure(System.String,System.String)
DA:19,0
FN:19,Vulthil.SharedKernel.Primitives.Error Vulthil.SharedKernel.Primitives.Error::NotFound(System.String,System.String)
FNDA:0,Vulthil.SharedKernel.Primitives.Error Vulthil.SharedKernel.Primitives.Error::NotFound(System.String,System.String)
DA:20,0
FN:20,Vulthil.SharedKernel.Primitives.Error Vulthil.SharedKernel.Primitives.Error::Problem(System.String,System.String)
FNDA:0,Vulthil.SharedKernel.Primitives.Error Vulthil.SharedKernel.Primitives.Error::Problem(System.String,System.String)
DA:21,0
FN:21,Vulthil.SharedKernel.Primitives.Error Vulthil.SharedKernel.Primitives.Error::Conflict(System.String,System.String)
FNDA:0,Vulthil.SharedKernel.Primitives.Error Vulthil.SharedKernel.Primitives.Error::Conflict(System.String,System.String)
DA:22,0
FN:11,System.Void Vulthil.SharedKernel.Primitives.Error::.ctor(System.String,System.String,Vulthil.SharedKernel.Primitives.ErrorType)
FNDA:0,System.Void Vulthil.SharedKernel.Primitives.Error::.ctor(System.String,System.String,Vulthil.SharedKernel.Primitives.ErrorType)
DA:12,0
DA:13,0
DA:14,0
DA:15,0
DA:16,0
DA:17,0
FN:4,System.Void Vulthil.SharedKernel.Primitives.Error::.cctor()
FNDA:0,System.Void Vulthil.SharedKernel.Primitives.Error::.cctor()
DA:5,0
DA:6,0
FN:26,Vulthil.SharedKernel.Primitives.Error[] Vulthil.SharedKernel.Primitives.ValidationError::get_Errors()
FNDA:0,Vulthil.SharedKernel.Primitives.Error[] Vulthil.SharedKernel.Primitives.ValidationError::get_Errors()
DA:27,0
FN:34,Vulthil.SharedKernel.Primitives.ValidationError Vulthil.SharedKernel.Primitives.ValidationError::FromResults(System.Collections.Generic.IEnumerable`1<Vulthil.SharedKernel.Primitives.Result>)
FNDA:0,Vulthil.SharedKernel.Primitives.ValidationError Vulthil.SharedKernel.Primitives.ValidationError::FromResults(System.Collections.Generic.IEnumerable`1<Vulthil.SharedKernel.Primitives.Result>)
DA:35,0
FN:29,System.Void Vulthil.SharedKernel.Primitives.ValidationError::.ctor(Vulthil.SharedKernel.Primitives.Error[])
FNDA:0,System.Void Vulthil.SharedKernel.Primitives.ValidationError::.ctor(Vulthil.SharedKernel.Primitives.Error[])
DA:30,0
DA:31,0
DA:32,0
LF:20
LH:0
BRF:0
BRH:0
FNF:12
FNH:0
end_of_record
SF:C:\Development\Vulthil\Vulthil.SharedKernel\src\Vulthil.SharedKernel\Primitives\Result.cs
FN:5,System.Boolean Vulthil.SharedKernel.Primitives.Result::get_IsSuccess()
FNDA:0,System.Boolean Vulthil.SharedKernel.Primitives.Result::get_IsSuccess()
DA:6,0
FN:6,System.Boolean Vulthil.SharedKernel.Primitives.Result::get_IsFailure()
FNDA:0,System.Boolean Vulthil.SharedKernel.Primitives.Result::get_IsFailure()
DA:7,0
FN:7,Vulthil.SharedKernel.Primitives.Error Vulthil.SharedKernel.Primitives.Result::get_Error()
FNDA:0,Vulthil.SharedKernel.Primitives.Error Vulthil.SharedKernel.Primitives.Result::get_Error()
DA:8,0
FN:21,Vulthil.SharedKernel.Primitives.Result Vulthil.SharedKernel.Primitives.Result::Success()
FNDA:0,Vulthil.SharedKernel.Primitives.Result Vulthil.SharedKernel.Primitives.Result::Success()
DA:22,0
FN:22,Vulthil.SharedKernel.Primitives.Result`1<TValue> Vulthil.SharedKernel.Primitives.Result::Success(TValue)
FNDA:0,Vulthil.SharedKernel.Primitives.Result`1<TValue> Vulthil.SharedKernel.Primitives.Result::Success(TValue)
DA:23,0
FN:24,Vulthil.SharedKernel.Primitives.Result Vulthil.SharedKernel.Primitives.Result::Failure(Vulthil.SharedKernel.Primitives.Error)
FNDA:0,Vulthil.SharedKernel.Primitives.Result Vulthil.SharedKernel.Primitives.Result::Failure(Vulthil.SharedKernel.Primitives.Error)
DA:25,0
FN:25,Vulthil.SharedKernel.Primitives.Result`1<TValue> Vulthil.SharedKernel.Primitives.Result::Failure(Vulthil.SharedKernel.Primitives.Error)
FNDA:0,Vulthil.SharedKernel.Primitives.Result`1<TValue> Vulthil.SharedKernel.Primitives.Result::Failure(Vulthil.SharedKernel.Primitives.Error)
DA:26,0
FN:27,Vulthil.SharedKernel.Primitives.Result`1<TValue> Vulthil.SharedKernel.Primitives.Result::ValidationFailure(Vulthil.SharedKernel.Primitives.ValidationError)
FNDA:0,Vulthil.SharedKernel.Primitives.Result`1<TValue> Vulthil.SharedKernel.Primitives.Result::ValidationFailure(Vulthil.SharedKernel.Primitives.ValidationError)
DA:28,0
FN:9,System.Void Vulthil.SharedKernel.Primitives.Result::.ctor(System.Boolean,Vulthil.SharedKernel.Primitives.Error)
FNDA:0,System.Void Vulthil.SharedKernel.Primitives.Result::.ctor(System.Boolean,Vulthil.SharedKernel.Primitives.Error)
DA:10,0
DA:11,0
DA:12,0
DA:13,0
DA:14,0
DA:15,0
DA:18,0
DA:19,0
DA:20,0
BRDA:12,9,0,0
BRDA:12,9,1,0
BRDA:12,22,0,0
BRDA:12,25,0,0
BRDA:12,25,1,0
BRDA:12,22,1,0
BRDA:12,46,0,0
BRDA:12,46,1,0
FN:35,TValue Vulthil.SharedKernel.Primitives.Result`1::get_Value()
FNDA:0,TValue Vulthil.SharedKernel.Primitives.Result`1::get_Value()
DA:36,0
DA:37,0
DA:38,0
BRDA:36,6,0,0
BRDA:36,6,1,0
FN:43,Vulthil.SharedKernel.Primitives.Result`1<TValue> Vulthil.SharedKernel.Primitives.Result`1::op_Implicit(TValue)
FNDA:0,Vulthil.SharedKernel.Primitives.Result`1<TValue> Vulthil.SharedKernel.Primitives.Result`1::op_Implicit(TValue)
DA:44,0
BRDA:44,6,0,0
BRDA:44,6,1,0
FN:40,System.Void Vulthil.SharedKernel.Primitives.Result`1::.ctor(TValue,System.Boolean,Vulthil.SharedKernel.Primitives.Error)
FNDA:0,System.Void Vulthil.SharedKernel.Primitives.Result`1::.ctor(TValue,System.Boolean,Vulthil.SharedKernel.Primitives.Error)
DA:41,0
LF:22
LH:0
BRF:12
BRH:0
FNF:12
FNH:0
end_of_record
SF:C:\Development\Vulthil\Vulthil.SharedKernel\src\Vulthil.SharedKernel\Primitives\ResultExtensions.cs
FN:8,TOut Vulthil.SharedKernel.Primitives.ResultExtensions::Match(Vulthil.SharedKernel.Primitives.Result,System.Func`1<TOut>,System.Func`2<Vulthil.SharedKernel.Primitives.Result,TOut>)
FNDA:0,TOut Vulthil.SharedKernel.Primitives.ResultExtensions::Match(Vulthil.SharedKernel.Primitives.Result,System.Func`1<TOut>,System.Func`2<Vulthil.SharedKernel.Primitives.Result,TOut>)
DA:9,0
DA:10,0
DA:11,0
BRDA:10,7,0,0
BRDA:10,7,1,0
FN:16,TOut Vulthil.SharedKernel.Primitives.ResultExtensions::Match(Vulthil.SharedKernel.Primitives.Result`1<TIn>,System.Func`2<TIn,TOut>,System.Func`2<Vulthil.SharedKernel.Primitives.Result`1<TIn>,TOut>)
FNDA:0,TOut Vulthil.SharedKernel.Primitives.ResultExtensions::Match(Vulthil.SharedKernel.Primitives.Result`1<TIn>,System.Func`2<TIn,TOut>,System.Func`2<Vulthil.SharedKernel.Primitives.Result`1<TIn>,TOut>)
DA:17,0
DA:18,0
DA:19,0
BRDA:18,7,0,0
BRDA:18,7,1,0
LF:6
LH:0
BRF:4
BRH:0
FNF:2
FNH:0
end_of_record
SF:C:\Development\Vulthil\Vulthil.SharedKernel\src\Vulthil.SharedKernel\Exceptions\DomainException.cs
FN:14,Vulthil.SharedKernel.Primitives.Error Vulthil.SharedKernel.Exceptions.DomainException::get_Error()
FNDA:0,Vulthil.SharedKernel.Primitives.Error Vulthil.SharedKernel.Exceptions.DomainException::get_Error()
DA:15,0
FN:11,System.Void Vulthil.SharedKernel.Exceptions.DomainException::.ctor(Vulthil.SharedKernel.Primitives.Error)
FNDA:0,System.Void Vulthil.SharedKernel.Exceptions.DomainException::.ctor(Vulthil.SharedKernel.Primitives.Error)
DA:12,0
DA:13,0
LF:3
LH:0
BRF:0
BRH:0
FNF:2
FNH:0
end_of_record
SF:C:\Development\Vulthil\Vulthil.SharedKernel\src\Vulthil.SharedKernel\Events\IDomainEventHandler.cs
FN:8,System.Threading.Tasks.Task Vulthil.SharedKernel.Events.IDomainEventHandler`1::MediatR.INotificationHandler<TDomainEvent>.Handle(TDomainEvent,System.Threading.CancellationToken)
FNDA:0,System.Threading.Tasks.Task Vulthil.SharedKernel.Events.IDomainEventHandler`1::MediatR.INotificationHandler<TDomainEvent>.Handle(TDomainEvent,System.Threading.CancellationToken)
DA:9,0
LF:1
LH:0
BRF:0
BRH:0
FNF:1
FNH:0
end_of_record
SF:C:\Development\Vulthil\Vulthil.SharedKernel\src\Vulthil.SharedKernel.xUnit\BaseIntegrationTestCase.cs
FN:7,Vulthil.SharedKernel.xUnit.BaseWebApplicationFactory`1<TEntryPoint> Vulthil.SharedKernel.xUnit.BaseIntegrationTestCase`1::get_Factory()
FNDA:0,Vulthil.SharedKernel.xUnit.BaseWebApplicationFactory`1<TEntryPoint> Vulthil.SharedKernel.xUnit.BaseIntegrationTestCase`1::get_Factory()
DA:8,0
FN:11,System.IServiceProvider Vulthil.SharedKernel.xUnit.BaseIntegrationTestCase`1::get_ScopedServices()
FNDA:0,System.IServiceProvider Vulthil.SharedKernel.xUnit.BaseIntegrationTestCase`1::get_ScopedServices()
DA:12,0
FN:32,System.Threading.Tasks.ValueTask Vulthil.SharedKernel.xUnit.BaseIntegrationTestCase`1::Initialize()
FNDA:0,System.Threading.Tasks.ValueTask Vulthil.SharedKernel.xUnit.BaseIntegrationTestCase`1::Initialize()
DA:33,0
FN:13,System.Void Vulthil.SharedKernel.xUnit.BaseIntegrationTestCase`1::.ctor(Vulthil.SharedKernel.xUnit.BaseWebApplicationFactory`1<TEntryPoint>)
FNDA:0,System.Void Vulthil.SharedKernel.xUnit.BaseIntegrationTestCase`1::.ctor(Vulthil.SharedKernel.xUnit.BaseWebApplicationFactory`1<TEntryPoint>)
DA:14,0
DA:15,0
DA:16,0
DA:17,0
DA:18,0
DA:19,0
FN:21,System.Void Vulthil.SharedKernel.xUnit.BaseIntegrationTestCase`1/<DisposeAsync>d__8::MoveNext()
FNDA:0,System.Void Vulthil.SharedKernel.xUnit.BaseIntegrationTestCase`1/<DisposeAsync>d__8::MoveNext()
DA:22,0
DA:23,0
DA:24,0
DA:25,0
DA:26,0
FN:28,System.Void Vulthil.SharedKernel.xUnit.BaseIntegrationTestCase`1/<InitializeAsync>d__9::MoveNext()
FNDA:0,System.Void Vulthil.SharedKernel.xUnit.BaseIntegrationTestCase`1/<InitializeAsync>d__9::MoveNext()
DA:29,0
DA:30,0
DA:31,0
DA:32,0
LF:18
LH:0
BRF:0
BRH:0
FNF:6
FNH:0
end_of_record
SF:C:\Development\Vulthil\Vulthil.SharedKernel\src\Vulthil.SharedKernel.xUnit\BaseUnitTestCase.cs
FN:7,Moq.AutoMock.AutoMocker Vulthil.SharedKernel.xUnit.BaseUnitTestCase::get_AutoMocker()
FNDA:1,Moq.AutoMock.AutoMocker Vulthil.SharedKernel.xUnit.BaseUnitTestCase::get_AutoMocker()
DA:8,1
FN:10,System.Threading.Tasks.ValueTask Vulthil.SharedKernel.xUnit.BaseUnitTestCase::DisposeAsync()
FNDA:1,System.Threading.Tasks.ValueTask Vulthil.SharedKernel.xUnit.BaseUnitTestCase::DisposeAsync()
DA:11,1
DA:12,1
DA:13,1
DA:14,1
FN:15,System.Threading.Tasks.ValueTask Vulthil.SharedKernel.xUnit.BaseUnitTestCase::InitializeAsync()
FNDA:1,System.Threading.Tasks.ValueTask Vulthil.SharedKernel.xUnit.BaseUnitTestCase::InitializeAsync()
DA:16,1
FN:17,System.Threading.Tasks.ValueTask Vulthil.SharedKernel.xUnit.BaseUnitTestCase::Initialize()
FNDA:1,System.Threading.Tasks.ValueTask Vulthil.SharedKernel.xUnit.BaseUnitTestCase::Initialize()
DA:18,1
FN:23,TTarget Vulthil.SharedKernel.xUnit.BaseUnitTestCase`1::get_Target()
FNDA:0,TTarget Vulthil.SharedKernel.xUnit.BaseUnitTestCase`1::get_Target()
DA:24,0
FN:27,TTarget Vulthil.SharedKernel.xUnit.BaseUnitTestCase`1::CreateInstance()
FNDA:0,TTarget Vulthil.SharedKernel.xUnit.BaseUnitTestCase`1::CreateInstance()
DA:28,0
FN:25,System.Void Vulthil.SharedKernel.xUnit.BaseUnitTestCase`1::.ctor()
FNDA:0,System.Void Vulthil.SharedKernel.xUnit.BaseUnitTestCase`1::.ctor()
DA:26,0
LF:10
LH:7
BRF:0
BRH:0
FNF:7
FNH:4
end_of_record
SF:C:\Development\Vulthil\Vulthil.SharedKernel\src\Vulthil.SharedKernel.xUnit\BaseWebApplicationFactory.cs
FN:33,System.Void Vulthil.SharedKernel.xUnit.BaseWebApplicationFactory`1::AddDbContext(Microsoft.Extensions.DependencyInjection.IServiceCollection,Vulthil.SharedKernel.xUnit.Containers.IDatabaseContainer)
FNDA:0,System.Void Vulthil.SharedKernel.xUnit.BaseWebApplicationFactory`1::AddDbContext(Microsoft.Extensions.DependencyInjection.IServiceCollection,Vulthil.SharedKernel.xUnit.Containers.IDatabaseContainer)
DA:34,0
DA:35,0
DA:37,0
DA:38,0
FN:40,System.Void Vulthil.SharedKernel.xUnit.BaseWebApplicationFactory`1::ConfigureWebHost(Microsoft.AspNetCore.Hosting.IWebHostBuilder)
FNDA:0,System.Void Vulthil.SharedKernel.xUnit.BaseWebApplicationFactory`1::ConfigureWebHost(Microsoft.AspNetCore.Hosting.IWebHostBuilder)
DA:41,0
DA:42,0
DA:43,0
DA:44,0
DA:45,0
DA:46,0
DA:47,0
DA:48,0
DA:49,0
DA:50,0
FN:15,System.Void Vulthil.SharedKernel.xUnit.BaseWebApplicationFactory`1::.ctor(Vulthil.SharedKernel.xUnit.Containers.IDatabaseContainerPool[])
FNDA:0,System.Void Vulthil.SharedKernel.xUnit.BaseWebApplicationFactory`1::.ctor(Vulthil.SharedKernel.xUnit.Containers.IDatabaseContainerPool[])
DA:16,0
DA:18,0
FN:28,System.Void Vulthil.SharedKernel.xUnit.BaseWebApplicationFactory`1::.cctor()
FNDA:0,System.Void Vulthil.SharedKernel.xUnit.BaseWebApplicationFactory`1::.cctor()
DA:29,0
DA:30,0
FN:52,System.Void Vulthil.SharedKernel.xUnit.BaseWebApplicationFactory`1/<DisposeAsync>d__7::MoveNext()
FNDA:0,System.Void Vulthil.SharedKernel.xUnit.BaseWebApplicationFactory`1/<DisposeAsync>d__7::MoveNext()
DA:53,0
DA:54,0
DA:55,0
DA:56,0
DA:57,0
DA:59,0
DA:60,0
DA:61,0
BRDA:54,126,1,0
BRDA:54,126,0,0
FN:20,System.Void Vulthil.SharedKernel.xUnit.BaseWebApplicationFactory`1/<InitializeAsync>d__3::MoveNext()
FNDA:0,System.Void Vulthil.SharedKernel.xUnit.BaseWebApplicationFactory`1/<InitializeAsync>d__3::MoveNext()
DA:21,0
DA:22,0
DA:23,0
DA:24,0
DA:25,0
DA:26,0
DA:27,0
BRDA:22,262,1,0
BRDA:22,262,0,0
FN:71,System.Void Vulthil.SharedKernel.xUnit.BaseWebApplicationFactory`1/<InitializeRespawners>d__9::MoveNext()
FNDA:0,System.Void Vulthil.SharedKernel.xUnit.BaseWebApplicationFactory`1/<InitializeRespawners>d__9::MoveNext()
DA:72,0
DA:73,0
DA:74,0
DA:75,0
DA:76,0
DA:77,0
DA:78,0
DA:79,0
BRDA:74,414,1,0
BRDA:74,414,0,0
FN:63,System.Void Vulthil.SharedKernel.xUnit.BaseWebApplicationFactory`1/<ResetDatabase>d__8::MoveNext()
FNDA:0,System.Void Vulthil.SharedKernel.xUnit.BaseWebApplicationFactory`1/<ResetDatabase>d__8::MoveNext()
DA:64,0
DA:65,0
DA:66,0
DA:67,0
DA:68,0
DA:69,0
BRDA:65,207,1,0
BRDA:65,207,0,0
LF:47
LH:0
BRF:10
BRH:0
FNF:8
FNH:0
end_of_record
SF:C:\Development\Vulthil\Vulthil.SharedKernel\src\Vulthil.SharedKernel.xUnit\Containers\DatabaseContainerPool.cs
FN:14,System.Func`1<System.Action`1<Microsoft.EntityFrameworkCore.DbContextOptionsBuilder>> Vulthil.SharedKernel.xUnit.Containers.DatabaseContainer::get_OptionsAction()
FNDA:0,System.Func`1<System.Action`1<Microsoft.EntityFrameworkCore.DbContextOptionsBuilder>> Vulthil.SharedKernel.xUnit.Containers.DatabaseContainer::get_OptionsAction()
DA:15,0
FN:15,System.Type Vulthil.SharedKernel.xUnit.Containers.DatabaseContainer::get_DbContextType()
FNDA:0,System.Type Vulthil.SharedKernel.xUnit.Containers.DatabaseContainer::get_DbContextType()
DA:16,0
FN:17,System.Boolean Vulthil.SharedKernel.xUnit.Containers.DatabaseContainer::get_HasBeenMigrated()
FNDA:0,System.Boolean Vulthil.SharedKernel.xUnit.Containers.DatabaseContainer::get_HasBeenMigrated()
DA:18,0
FN:46,System.Void Vulthil.SharedKernel.xUnit.Containers.DatabaseContainer::MarkMigrated()
FNDA:0,System.Void Vulthil.SharedKernel.xUnit.Containers.DatabaseContainer::MarkMigrated()
DA:47,0
FN:47,System.Threading.Tasks.ValueTask Vulthil.SharedKernel.xUnit.Containers.DatabaseContainer::DisposeAsync()
FNDA:0,System.Threading.Tasks.ValueTask Vulthil.SharedKernel.xUnit.Containers.DatabaseContainer::DisposeAsync()
DA:48,0
FN:19,System.Void Vulthil.SharedKernel.xUnit.Containers.DatabaseContainer::.ctor(System.Type,DotNet.Testcontainers.Containers.IDatabaseContainer,System.Func`2<System.String,System.Action`1<Microsoft.EntityFrameworkCore.DbContextOptionsBuilder>>,System.ValueTuple`2<Respawn.RespawnerOptions,System.Func`2<System.String,System.Threading.Tasks.Task`1<System.Data.Common.DbConnection>>>)
FNDA:0,System.Void Vulthil.SharedKernel.xUnit.Containers.DatabaseContainer::.ctor(System.Type,DotNet.Testcontainers.Containers.IDatabaseContainer,System.Func`2<System.String,System.Action`1<Microsoft.EntityFrameworkCore.DbContextOptionsBuilder>>,System.ValueTuple`2<Respawn.RespawnerOptions,System.Func`2<System.String,System.Threading.Tasks.Task`1<System.Data.Common.DbConnection>>>)
DA:20,0
DA:21,0
DA:22,0
DA:23,0
DA:24,0
DA:25,0
DA:26,0
FN:37,System.Void Vulthil.SharedKernel.xUnit.Containers.DatabaseContainer/<InitializeRespawner>d__15::MoveNext()
FNDA:0,System.Void Vulthil.SharedKernel.xUnit.Containers.DatabaseContainer/<InitializeRespawner>d__15::MoveNext()
DA:38,0
DA:39,0
DA:40,0
DA:41,0
DA:42,0
DA:43,0
DA:44,0
DA:45,0
BRDA:39,45,0,0
BRDA:39,45,1,0
FN:28,System.Void Vulthil.SharedKernel.xUnit.Containers.DatabaseContainer/<ResetAsync>d__14::MoveNext()
FNDA:0,System.Void Vulthil.SharedKernel.xUnit.Containers.DatabaseContainer/<ResetAsync>d__14::MoveNext()
DA:29,0
DA:30,0
DA:31,0
DA:32,0
DA:33,0
DA:34,0
DA:35,0
BRDA:30,45,0,0
BRDA:30,45,1,0
FN:103,System.Void Vulthil.SharedKernel.xUnit.Containers.DatabaseContainerPool`3::ReleaseContainer(Vulthil.SharedKernel.xUnit.Containers.IDatabaseContainer)
FNDA:0,System.Void Vulthil.SharedKernel.xUnit.Containers.DatabaseContainerPool`3::ReleaseContainer(Vulthil.SharedKernel.xUnit.Containers.IDatabaseContainer)
DA:104,0
DA:105,0
DA:106,0
DA:107,0
DA:108,0
DA:109,0
DA:110,0
DA:111,0
BRDA:105,15,0,0
BRDA:105,15,1,0
FN:57,System.Void Vulthil.SharedKernel.xUnit.Containers.DatabaseContainerPool`3::.ctor()
FNDA:0,System.Void Vulthil.SharedKernel.xUnit.Containers.DatabaseContainerPool`3::.ctor()
DA:58,0
DA:62,0
DA:69,0
DA:70,0
DA:71,0
DA:72,0
DA:73,0
FN:113,System.Void Vulthil.SharedKernel.xUnit.Containers.DatabaseContainerPool`3/<DisposeAsync>d__16::MoveNext()
FNDA:0,System.Void Vulthil.SharedKernel.xUnit.Containers.DatabaseContainerPool`3/<DisposeAsync>d__16::MoveNext()
DA:114,0
DA:115,0
DA:116,0
DA:117,0
DA:118,0
DA:119,0
DA:120,0
DA:121,0
BRDA:115,208,1,0
BRDA:115,208,0,0
FN:89,System.Void Vulthil.SharedKernel.xUnit.Containers.DatabaseContainerPool`3/<GetContainerAsync>d__14::MoveNext()
FNDA:0,System.Void Vulthil.SharedKernel.xUnit.Containers.DatabaseContainerPool`3/<GetContainerAsync>d__14::MoveNext()
DA:90,0
DA:91,0
DA:93,0
DA:94,0
DA:95,0
DA:96,0
DA:100,0
DA:101,0
BRDA:93,147,0,0
BRDA:93,147,1,0
FN:75,System.Void Vulthil.SharedKernel.xUnit.Containers.DatabaseContainerPool`3/<InitializeAsync>d__13::MoveNext()
FNDA:0,System.Void Vulthil.SharedKernel.xUnit.Containers.DatabaseContainerPool`3/<InitializeAsync>d__13::MoveNext()
DA:76,0
DA:77,0
DA:78,0
DA:79,0
DA:80,0
DA:82,0
DA:84,0
DA:85,0
DA:86,0
DA:87,0
BRDA:77,330,1,0
BRDA:82,73,0,0
BRDA:82,73,1,0
BRDA:77,330,0,0
LF:68
LH:0
BRF:14
BRH:0
FNF:13
FNH:0
end_of_record