<?xml version="1.0" encoding="utf-8"?>
<!DOCTYPE coverage SYSTEM "http://cobertura.sourceforge.net/xml/coverage-04.dtd">
<coverage line-rate="0.7018763029881863" branch-rate="0.6495956873315364" lines-covered="1010" lines-valid="1439" branches-covered="241" branches-valid="371" complexity="591" version="0" timestamp="1749060334">
  <sources>
    <source>C:\Development\Vulthil\Vulthil.SharedKernel\src\</source>
  </sources>
  <packages>
    <package name="Vulthil.Extensions.Testing" line-rate="0.8125" branch-rate="0.875" complexity="9">
      <classes>
        <class name="Vulthil.Extensions.Testing.Polling" filename="C:\Development\Vulthil\Vulthil.SharedKernel\src\Vulthil.Extensions.Testing\Polling.cs" line-rate="0.8125" branch-rate="0.875" complexity="9">
          <methods>
            <method name=".cctor" signature="()" line-rate="0" branch-rate="1" complexity="1">
              <lines>
                <line number="7" hits="0" branch="false" />
                <line number="8" hits="0" branch="false" />
              </lines>
            </method>
            <method name="WaitAsync" signature="()" line-rate="0.9285714285714286" branch-rate="0.875" complexity="8">
              <lines>
                <line number="14" hits="3" branch="false" />
                <line number="15" hits="3" branch="true" condition-coverage="100% (2/2)" />
                <line number="16" hits="3" branch="false" />
                <line number="18" hits="3" branch="false" />
                <line number="19" hits="21" branch="true" condition-coverage="75% (3/4)" />
                <line number="20" hits="21" branch="false" />
                <line number="21" hits="21" branch="false" />
                <line number="22" hits="21" branch="false" />
                <line number="24" hits="21" branch="true" condition-coverage="100% (2/2)" />
                <line number="25" hits="3" branch="false" />
                <line number="26" hits="3" branch="false" />
                <line number="28" hits="18" branch="false" />
                <line number="30" hits="0" branch="false" />
                <line number="31" hits="3" branch="false" />
              </lines>
            </method>
          </methods>
          <lines>
            <line number="7" hits="0" branch="false" />
            <line number="8" hits="0" branch="false" />
            <line number="14" hits="3" branch="false" />
            <line number="15" hits="3" branch="true" condition-coverage="100% (2/2)" />
            <line number="16" hits="3" branch="false" />
            <line number="18" hits="3" branch="false" />
            <line number="19" hits="21" branch="true" condition-coverage="75% (3/4)" />
            <line number="20" hits="21" branch="false" />
            <line number="21" hits="21" branch="false" />
            <line number="22" hits="21" branch="false" />
            <line number="24" hits="21" branch="true" condition-coverage="100% (2/2)" />
            <line number="25" hits="3" branch="false" />
            <line number="26" hits="3" branch="false" />
            <line number="28" hits="18" branch="false" />
            <line number="30" hits="0" branch="false" />
            <line number="31" hits="3" branch="false" />
          </lines>
        </class>
      </classes>
    </package>
    <package name="Vulthil.Messaging" line-rate="0.8175182481751825" branch-rate="0.75" complexity="65">
      <classes>
        <class name="Vulthil.Messaging.ConsumerHostedService" filename="C:\Development\Vulthil\Vulthil.SharedKernel\src\Vulthil.Messaging\ConsumerHostedService.cs" line-rate="1" branch-rate="1" complexity="2">
          <methods>
            <method name="ExecuteAsync" signature="(System.Threading.CancellationToken)" line-rate="1" branch-rate="1" complexity="1">
              <lines>
                <line number="13" hits="12" branch="false" />
              </lines>
            </method>
            <method name=".ctor" signature="(Vulthil.Messaging.ITransport)" line-rate="1" branch-rate="1" complexity="1">
              <lines>
                <line number="8" hits="12" branch="false" />
                <line number="9" hits="12" branch="false" />
                <line number="10" hits="12" branch="false" />
                <line number="11" hits="12" branch="false" />
              </lines>
            </method>
          </methods>
          <lines>
            <line number="8" hits="12" branch="false" />
            <line number="9" hits="12" branch="false" />
            <line number="10" hits="12" branch="false" />
            <line number="11" hits="12" branch="false" />
            <line number="13" hits="12" branch="false" />
          </lines>
        </class>
        <class name="Vulthil.Messaging.ConsumerType" filename="C:\Development\Vulthil\Vulthil.SharedKernel\src\Vulthil.Messaging\QueueDefinition.cs" line-rate="0.5" branch-rate="1" complexity="2">
          <methods>
            <method name="get_Type" signature="()" line-rate="1" branch-rate="1" complexity="1">
              <lines>
                <line number="8" hits="51" branch="false" />
              </lines>
            </method>
            <method name="get_Name" signature="()" line-rate="0" branch-rate="1" complexity="1">
              <lines>
                <line number="10" hits="0" branch="false" />
              </lines>
            </method>
          </methods>
          <lines>
            <line number="8" hits="51" branch="false" />
            <line number="10" hits="0" branch="false" />
          </lines>
        </class>
        <class name="Vulthil.Messaging.DependencyInjection" filename="C:\Development\Vulthil\Vulthil.SharedKernel\src\Vulthil.Messaging\DependencyInjection.cs" line-rate="1" branch-rate="1" complexity="1">
          <methods>
            <method name="AddMessaging" signature="(Microsoft.Extensions.DependencyInjection.IServiceCollection,Microsoft.Extensions.Configuration.IConfiguration,System.Action`1&lt;Vulthil.Messaging.IMessagingConfigurator&gt;)" line-rate="1" branch-rate="1" complexity="1">
              <lines>
                <line number="9" hits="12" branch="false" />
                <line number="10" hits="12" branch="false" />
                <line number="12" hits="12" branch="false" />
                <line number="13" hits="12" branch="false" />
                <line number="15" hits="12" branch="false" />
                <line number="17" hits="12" branch="false" />
                <line number="18" hits="12" branch="false" />
              </lines>
            </method>
          </methods>
          <lines>
            <line number="9" hits="12" branch="false" />
            <line number="10" hits="12" branch="false" />
            <line number="12" hits="12" branch="false" />
            <line number="13" hits="12" branch="false" />
            <line number="15" hits="12" branch="false" />
            <line number="17" hits="12" branch="false" />
            <line number="18" hits="12" branch="false" />
          </lines>
        </class>
        <class name="Vulthil.Messaging.EventOption" filename="C:\Development\Vulthil\Vulthil.SharedKernel\src\Vulthil.Messaging\IMessagingConfigurator.cs" line-rate="0" branch-rate="1" complexity="5">
          <methods>
            <method name="get_MessageType" signature="()" line-rate="0" branch-rate="1" complexity="1">
              <lines>
                <line number="9" hits="0" branch="false" />
              </lines>
            </method>
            <method name="get_ExchangeName" signature="()" line-rate="0" branch-rate="1" complexity="1">
              <lines>
                <line number="11" hits="0" branch="false" />
              </lines>
            </method>
            <method name="get_ExchangeType" signature="()" line-rate="0" branch-rate="1" complexity="1">
              <lines>
                <line number="12" hits="0" branch="false" />
              </lines>
            </method>
            <method name="get_ExchangeAutoDelete" signature="()" line-rate="0" branch-rate="1" complexity="1">
              <lines>
                <line number="13" hits="0" branch="false" />
              </lines>
            </method>
            <method name="get_ExchangeDurable" signature="()" line-rate="0" branch-rate="1" complexity="1">
              <lines>
                <line number="14" hits="0" branch="false" />
              </lines>
            </method>
          </methods>
          <lines>
            <line number="9" hits="0" branch="false" />
            <line number="11" hits="0" branch="false" />
            <line number="12" hits="0" branch="false" />
            <line number="13" hits="0" branch="false" />
            <line number="14" hits="0" branch="false" />
          </lines>
        </class>
        <class name="Vulthil.Messaging.MessageType" filename="C:\Development\Vulthil\Vulthil.SharedKernel\src\Vulthil.Messaging\QueueDefinition.cs" line-rate="1" branch-rate="1" complexity="2">
          <methods>
            <method name="get_Type" signature="()" line-rate="1" branch-rate="1" complexity="1">
              <lines>
                <line number="4" hits="52" branch="false" />
              </lines>
            </method>
            <method name="get_Name" signature="()" line-rate="1" branch-rate="1" complexity="1">
              <lines>
                <line number="6" hits="26" branch="false" />
              </lines>
            </method>
          </methods>
          <lines>
            <line number="4" hits="52" branch="false" />
            <line number="6" hits="26" branch="false" />
          </lines>
        </class>
        <class name="Vulthil.Messaging.MessagingConfigurator" filename="C:\Development\Vulthil\Vulthil.SharedKernel\src\Vulthil.Messaging\MessagingConfigurator.cs" line-rate="0.8541666666666666" branch-rate="0.7" complexity="13">
          <methods>
            <method name="get_Services" signature="()" line-rate="1" branch-rate="1" complexity="1">
              <lines>
                <line number="10" hits="96" branch="false" />
              </lines>
            </method>
            <method name="AddQueue" signature="(System.String,System.Action`1&lt;Vulthil.Messaging.IQueueConfigurator&gt;)" line-rate="1" branch-rate="1" complexity="1">
              <lines>
                <line number="22" hits="12" branch="false" />
                <line number="23" hits="12" branch="false" />
                <line number="24" hits="12" branch="false" />
                <line number="25" hits="12" branch="false" />
                <line number="26" hits="12" branch="false" />
                <line number="27" hits="12" branch="false" />
                <line number="28" hits="12" branch="false" />
              </lines>
            </method>
            <method name="AddRequest" signature="(System.String,System.Action`1&lt;Vulthil.Messaging.RequestOption&gt;)" line-rate="1" branch-rate="0.5" complexity="2">
              <lines>
                <line number="32" hits="12" branch="false" />
                <line number="33" hits="12" branch="false" />
                <line number="34" hits="12" branch="false" />
                <line number="35" hits="12" branch="false" />
                <line number="36" hits="12" branch="false" />
                <line number="37" hits="12" branch="false" />
                <line number="38" hits="12" branch="true" condition-coverage="50% (1/2)" />
                <line number="39" hits="12" branch="false" />
                <line number="40" hits="12" branch="false" />
                <line number="41" hits="12" branch="false" />
              </lines>
            </method>
            <method name="AddEvent" signature="(System.Action`1&lt;Vulthil.Messaging.EventOption&gt;)" line-rate="0" branch-rate="0" complexity="2">
              <lines>
                <line number="45" hits="0" branch="false" />
                <line number="46" hits="0" branch="false" />
                <line number="47" hits="0" branch="false" />
                <line number="48" hits="0" branch="true" condition-coverage="0% (0/2)" />
                <line number="49" hits="0" branch="false" />
                <line number="50" hits="0" branch="false" />
                <line number="51" hits="0" branch="false" />
              </lines>
            </method>
            <method name="RegisterTypes" signature="()" line-rate="1" branch-rate="1" complexity="6">
              <lines>
                <line number="54" hits="12" branch="false" />
                <line number="55" hits="60" branch="true" condition-coverage="100% (2/2)" />
                <line number="56" hits="12" branch="false" />
                <line number="57" hits="12" branch="false" />
                <line number="58" hits="60" branch="true" condition-coverage="100% (2/2)" />
                <line number="59" hits="12" branch="false" />
                <line number="60" hits="12" branch="false" />
                <line number="61" hits="12" branch="false" />
                <line number="62" hits="84" branch="true" condition-coverage="100% (2/2)" />
                <line number="63" hits="24" branch="false" />
                <line number="64" hits="24" branch="false" />
                <line number="65" hits="24" branch="false" />
                <line number="67" hits="12" branch="false" />
                <line number="68" hits="12" branch="false" />
                <line number="69" hits="12" branch="false" />
              </lines>
            </method>
            <method name=".ctor" signature="(Microsoft.Extensions.DependencyInjection.IServiceCollection,Microsoft.Extensions.Configuration.IConfiguration)" line-rate="1" branch-rate="1" complexity="1">
              <lines>
                <line number="8" hits="12" branch="false" />
                <line number="10" hits="96" branch="false" />
                <line number="11" hits="12" branch="false" />
                <line number="14" hits="12" branch="false" />
                <line number="15" hits="12" branch="false" />
                <line number="16" hits="12" branch="false" />
                <line number="17" hits="12" branch="false" />
                <line number="18" hits="12" branch="false" />
                <line number="19" hits="12" branch="false" />
              </lines>
            </method>
          </methods>
          <lines>
            <line number="8" hits="12" branch="false" />
            <line number="10" hits="96" branch="false" />
            <line number="11" hits="12" branch="false" />
            <line number="14" hits="12" branch="false" />
            <line number="15" hits="12" branch="false" />
            <line number="16" hits="12" branch="false" />
            <line number="17" hits="12" branch="false" />
            <line number="18" hits="12" branch="false" />
            <line number="19" hits="12" branch="false" />
            <line number="22" hits="12" branch="false" />
            <line number="23" hits="12" branch="false" />
            <line number="24" hits="12" branch="false" />
            <line number="25" hits="12" branch="false" />
            <line number="26" hits="12" branch="false" />
            <line number="27" hits="12" branch="false" />
            <line number="28" hits="12" branch="false" />
            <line number="32" hits="12" branch="false" />
            <line number="33" hits="12" branch="false" />
            <line number="34" hits="12" branch="false" />
            <line number="35" hits="12" branch="false" />
            <line number="36" hits="12" branch="false" />
            <line number="37" hits="12" branch="false" />
            <line number="38" hits="12" branch="true" condition-coverage="50% (1/2)" />
            <line number="39" hits="12" branch="false" />
            <line number="40" hits="12" branch="false" />
            <line number="41" hits="12" branch="false" />
            <line number="45" hits="0" branch="false" />
            <line number="46" hits="0" branch="false" />
            <line number="47" hits="0" branch="false" />
            <line number="48" hits="0" branch="true" condition-coverage="0% (0/2)" />
            <line number="49" hits="0" branch="false" />
            <line number="50" hits="0" branch="false" />
            <line number="51" hits="0" branch="false" />
            <line number="54" hits="12" branch="false" />
            <line number="55" hits="60" branch="true" condition-coverage="100% (2/2)" />
            <line number="56" hits="12" branch="false" />
            <line number="57" hits="12" branch="false" />
            <line number="58" hits="60" branch="true" condition-coverage="100% (2/2)" />
            <line number="59" hits="12" branch="false" />
            <line number="60" hits="12" branch="false" />
            <line number="61" hits="12" branch="false" />
            <line number="62" hits="84" branch="true" condition-coverage="100% (2/2)" />
            <line number="63" hits="24" branch="false" />
            <line number="64" hits="24" branch="false" />
            <line number="65" hits="24" branch="false" />
            <line number="67" hits="12" branch="false" />
            <line number="68" hits="12" branch="false" />
            <line number="69" hits="12" branch="false" />
          </lines>
        </class>
        <class name="Vulthil.Messaging.QueueConfigurator" filename="C:\Development\Vulthil\Vulthil.SharedKernel\src\Vulthil.Messaging\QueueConfigurator.cs" line-rate="0.8333333333333334" branch-rate="0.7727272727272727" complexity="28">
          <methods>
            <method name="get__messages" signature="()" line-rate="1" branch-rate="1" complexity="1">
              <lines>
                <line number="8" hits="12" branch="false" />
                <line number="9" hits="48" branch="false" />
                <line number="10" hits="48" branch="false" />
                <line number="11" hits="36" branch="false" />
              </lines>
            </method>
            <method name="get_QueueName" signature="()" line-rate="1" branch-rate="1" complexity="1">
              <lines>
                <line number="15" hits="24" branch="false" />
              </lines>
            </method>
            <method name="get_ConsumerCount" signature="()" line-rate="1" branch-rate="1" complexity="1">
              <lines>
                <line number="16" hits="24" branch="false" />
              </lines>
            </method>
            <method name="get_PrefetchCount" signature="()" line-rate="1" branch-rate="1" complexity="1">
              <lines>
                <line number="17" hits="24" branch="false" />
              </lines>
            </method>
            <method name="AddConsumer" signature="()" line-rate="0.8125" branch-rate="0.8" complexity="10">
              <lines>
                <line number="21" hits="12" branch="false" />
                <line number="22" hits="12" branch="false" />
                <line number="23" hits="12" branch="false" />
                <line number="24" hits="12" branch="true" condition-coverage="50% (2/4)" />
                <line number="25" hits="0" branch="false" />
                <line number="26" hits="0" branch="false" />
                <line number="27" hits="0" branch="false" />
                <line number="29" hits="12" branch="true" condition-coverage="100% (6/6)" />
                <line number="30" hits="24" branch="false" />
                <line number="31" hits="12" branch="false" />
                <line number="32" hits="12" branch="false" />
                <line number="33" hits="12" branch="false" />
                <line number="34" hits="12" branch="false" />
                <line number="36" hits="12" branch="false" />
                <line number="38" hits="12" branch="false" />
                <line number="39" hits="12" branch="false" />
              </lines>
            </method>
            <method name="AddRequestConsumer" signature="()" line-rate="0.7391304347826086" branch-rate="0.75" complexity="12">
              <lines>
                <line number="42" hits="12" branch="false" />
                <line number="43" hits="12" branch="false" />
                <line number="44" hits="12" branch="false" />
                <line number="45" hits="12" branch="true" condition-coverage="50% (2/4)" />
                <line number="46" hits="0" branch="false" />
                <line number="47" hits="0" branch="false" />
                <line number="49" hits="0" branch="false" />
                <line number="50" hits="0" branch="false" />
                <line number="52" hits="12" branch="true" condition-coverage="100% (6/6)" />
                <line number="53" hits="24" branch="false" />
                <line number="54" hits="12" branch="false" />
                <line number="55" hits="12" branch="false" />
                <line number="56" hits="12" branch="false" />
                <line number="57" hits="12" branch="false" />
                <line number="59" hits="12" branch="false" />
                <line number="60" hits="12" branch="false" />
                <line number="61" hits="12" branch="true" condition-coverage="50% (1/2)" />
                <line number="62" hits="0" branch="false" />
                <line number="63" hits="0" branch="false" />
                <line number="66" hits="12" branch="false" />
                <line number="67" hits="12" branch="false" />
                <line number="69" hits="12" branch="false" />
                <line number="70" hits="12" branch="false" />
              </lines>
            </method>
            <method name="ToQueueDefinition" signature="()" line-rate="1" branch-rate="1" complexity="1">
              <lines>
                <line number="72" hits="12" branch="false" />
                <line number="73" hits="12" branch="false" />
                <line number="74" hits="12" branch="false" />
                <line number="75" hits="12" branch="false" />
                <line number="76" hits="12" branch="false" />
              </lines>
            </method>
            <method name=".ctor" signature="(System.String)" line-rate="1" branch-rate="1" complexity="1">
              <lines>
                <line number="5" hits="12" branch="false" />
                <line number="7" hits="12" branch="false" />
                <line number="8" hits="12" branch="false" />
                <line number="9" hits="48" branch="false" />
                <line number="10" hits="48" branch="false" />
                <line number="11" hits="36" branch="false" />
                <line number="13" hits="12" branch="false" />
              </lines>
            </method>
          </methods>
          <lines>
            <line number="5" hits="12" branch="false" />
            <line number="7" hits="12" branch="false" />
            <line number="8" hits="12" branch="false" />
            <line number="9" hits="48" branch="false" />
            <line number="10" hits="48" branch="false" />
            <line number="11" hits="36" branch="false" />
            <line number="13" hits="12" branch="false" />
            <line number="15" hits="24" branch="false" />
            <line number="16" hits="24" branch="false" />
            <line number="17" hits="24" branch="false" />
            <line number="21" hits="12" branch="false" />
            <line number="22" hits="12" branch="false" />
            <line number="23" hits="12" branch="false" />
            <line number="24" hits="12" branch="true" condition-coverage="50% (2/4)" />
            <line number="25" hits="0" branch="false" />
            <line number="26" hits="0" branch="false" />
            <line number="27" hits="0" branch="false" />
            <line number="29" hits="12" branch="true" condition-coverage="100% (6/6)" />
            <line number="30" hits="24" branch="false" />
            <line number="31" hits="12" branch="false" />
            <line number="32" hits="12" branch="false" />
            <line number="33" hits="12" branch="false" />
            <line number="34" hits="12" branch="false" />
            <line number="36" hits="12" branch="false" />
            <line number="38" hits="12" branch="false" />
            <line number="39" hits="12" branch="false" />
            <line number="42" hits="12" branch="false" />
            <line number="43" hits="12" branch="false" />
            <line number="44" hits="12" branch="false" />
            <line number="45" hits="12" branch="true" condition-coverage="50% (2/4)" />
            <line number="46" hits="0" branch="false" />
            <line number="47" hits="0" branch="false" />
            <line number="49" hits="0" branch="false" />
            <line number="50" hits="0" branch="false" />
            <line number="52" hits="12" branch="true" condition-coverage="100% (6/6)" />
            <line number="53" hits="24" branch="false" />
            <line number="54" hits="12" branch="false" />
            <line number="55" hits="12" branch="false" />
            <line number="56" hits="12" branch="false" />
            <line number="57" hits="12" branch="false" />
            <line number="59" hits="12" branch="false" />
            <line number="60" hits="12" branch="false" />
            <line number="61" hits="12" branch="true" condition-coverage="50% (1/2)" />
            <line number="62" hits="0" branch="false" />
            <line number="63" hits="0" branch="false" />
            <line number="66" hits="12" branch="false" />
            <line number="67" hits="12" branch="false" />
            <line number="69" hits="12" branch="false" />
            <line number="70" hits="12" branch="false" />
            <line number="72" hits="12" branch="false" />
            <line number="73" hits="12" branch="false" />
            <line number="74" hits="12" branch="false" />
            <line number="75" hits="12" branch="false" />
            <line number="76" hits="12" branch="false" />
          </lines>
        </class>
        <class name="Vulthil.Messaging.QueueDefinition" filename="C:\Development\Vulthil\Vulthil.SharedKernel\src\Vulthil.Messaging\QueueDefinition.cs" line-rate="1" branch-rate="1" complexity="3">
          <methods>
            <method name="get_Name" signature="()" line-rate="1" branch-rate="1" complexity="1">
              <lines>
                <line number="13" hits="146" branch="false" />
              </lines>
            </method>
            <method name="get_ConsumerCount" signature="()" line-rate="1" branch-rate="1" complexity="1">
              <lines>
                <line number="15" hits="37" branch="false" />
              </lines>
            </method>
            <method name="get_PrefetchCount" signature="()" line-rate="1" branch-rate="1" complexity="1">
              <lines>
                <line number="16" hits="37" branch="false" />
              </lines>
            </method>
          </methods>
          <lines>
            <line number="13" hits="146" branch="false" />
            <line number="15" hits="37" branch="false" />
            <line number="16" hits="37" branch="false" />
          </lines>
        </class>
        <class name="Vulthil.Messaging.RequestOption" filename="C:\Development\Vulthil\Vulthil.SharedKernel\src\Vulthil.Messaging\IMessagingConfigurator.cs" line-rate="1" branch-rate="1" complexity="1">
          <methods>
            <method name="get_RecipientQueueName" signature="()" line-rate="1" branch-rate="1" complexity="1">
              <lines>
                <line number="6" hits="12" branch="false" />
              </lines>
            </method>
          </methods>
          <lines>
            <line number="6" hits="12" branch="false" />
          </lines>
        </class>
        <class name="Vulthil.Messaging.TypeCache" filename="C:\Development\Vulthil\Vulthil.SharedKernel\src\Vulthil.Messaging\TypeCache.cs" line-rate="0.7" branch-rate="1" complexity="8">
          <methods>
            <method name="get_RequestsConfigured" signature="()" line-rate="1" branch-rate="1" complexity="1">
              <lines>
                <line number="11" hits="12" branch="false" />
              </lines>
            </method>
            <method name="TryGetRequest" signature="(Vulthil.Messaging.RequestOption&amp;)" line-rate="0" branch-rate="1" complexity="1">
              <lines>
                <line number="14" hits="0" branch="false" />
              </lines>
            </method>
            <method name="TryGetEvent" signature="(Vulthil.Messaging.EventOption&amp;)" line-rate="0" branch-rate="1" complexity="1">
              <lines>
                <line number="16" hits="0" branch="false" />
              </lines>
            </method>
            <method name="TryGetFromString" signature="(System.String,Vulthil.Messaging.MessageType&amp;)" line-rate="1" branch-rate="1" complexity="1">
              <lines>
                <line number="18" hits="1" branch="false" />
              </lines>
            </method>
            <method name="AddTypeMap" signature="(Vulthil.Messaging.MessageType)" line-rate="1" branch-rate="1" complexity="1">
              <lines>
                <line number="19" hits="13" branch="false" />
              </lines>
            </method>
            <method name="AddRequestOption" signature="(Vulthil.Messaging.RequestOption)" line-rate="1" branch-rate="1" complexity="1">
              <lines>
                <line number="21" hits="12" branch="false" />
              </lines>
            </method>
            <method name="AddEventOption" signature="(Vulthil.Messaging.EventOption)" line-rate="0" branch-rate="1" complexity="1">
              <lines>
                <line number="23" hits="0" branch="false" />
              </lines>
            </method>
            <method name=".ctor" signature="()" line-rate="1" branch-rate="1" complexity="1">
              <lines>
                <line number="7" hits="13" branch="false" />
                <line number="8" hits="13" branch="false" />
                <line number="9" hits="13" branch="false" />
              </lines>
            </method>
          </methods>
          <lines>
            <line number="7" hits="13" branch="false" />
            <line number="8" hits="13" branch="false" />
            <line number="9" hits="13" branch="false" />
            <line number="11" hits="12" branch="false" />
            <line number="14" hits="0" branch="false" />
            <line number="16" hits="0" branch="false" />
            <line number="18" hits="1" branch="false" />
            <line number="19" hits="13" branch="false" />
            <line number="21" hits="12" branch="false" />
            <line number="23" hits="0" branch="false" />
          </lines>
        </class>
      </classes>
    </package>
    <package name="Vulthil.Messaging.Abstractions" line-rate="0.3333333333333333" branch-rate="0.25" complexity="8">
      <classes>
        <class name="Vulthil.Messaging.Abstractions.Consumers.IConsumer`1" filename="C:\Development\Vulthil\Vulthil.SharedKernel\src\Vulthil.Messaging.Abstractions\Consumers\IConsumer.cs" line-rate="0.6666666666666666" branch-rate="0.5" complexity="4">
          <methods>
            <method name="Vulthil.Messaging.Abstractions.Consumers.IConsumer.ConsumeAsync" signature="(System.Object,System.Threading.CancellationToken)" line-rate="0.6666666666666666" branch-rate="0.5" complexity="4">
              <lines>
                <line number="11" hits="1" branch="false" />
                <line number="12" hits="1" branch="true" condition-coverage="50% (2/4)" />
                <line number="13" hits="0" branch="false" />
                <line number="14" hits="0" branch="false" />
                <line number="16" hits="1" branch="false" />
                <line number="17" hits="1" branch="false" />
              </lines>
            </method>
          </methods>
          <lines>
            <line number="11" hits="1" branch="false" />
            <line number="12" hits="1" branch="true" condition-coverage="50% (2/4)" />
            <line number="13" hits="0" branch="false" />
            <line number="14" hits="0" branch="false" />
            <line number="16" hits="1" branch="false" />
            <line number="17" hits="1" branch="false" />
          </lines>
        </class>
        <class name="Vulthil.Messaging.Abstractions.Consumers.IRequestConsumer`2" filename="C:\Development\Vulthil\Vulthil.SharedKernel\src\Vulthil.Messaging.Abstractions\Consumers\IRequestConsumer.cs" line-rate="0" branch-rate="0" complexity="4">
          <methods>
            <method name="Vulthil-Messaging-Abstractions-Consumers-IRequestConsumer-ConsumeAsync" signature="()" line-rate="0" branch-rate="0" complexity="4">
              <lines>
                <line number="13" hits="0" branch="false" />
                <line number="14" hits="0" branch="true" condition-coverage="0% (0/4)" />
                <line number="15" hits="0" branch="false" />
                <line number="16" hits="0" branch="false" />
                <line number="18" hits="0" branch="false" />
                <line number="19" hits="0" branch="false" />
              </lines>
            </method>
          </methods>
          <lines>
            <line number="13" hits="0" branch="false" />
            <line number="14" hits="0" branch="true" condition-coverage="0% (0/4)" />
            <line number="15" hits="0" branch="false" />
            <line number="16" hits="0" branch="false" />
            <line number="18" hits="0" branch="false" />
            <line number="19" hits="0" branch="false" />
          </lines>
        </class>
      </classes>
    </package>
    <package name="Vulthil.Messaging.RabbitMq" line-rate="0.4341317365269461" branch-rate="0.3611111111111111" complexity="89">
      <classes>
        <class name="Vulthil.Messaging.RabbitMq.MessageResult" filename="C:\Development\Vulthil\Vulthil.SharedKernel\src\Vulthil.Messaging.RabbitMq\MessageResult.cs" line-rate="0" branch-rate="0" complexity="13">
          <methods>
            <method name="get_IsSuccess" signature="()" line-rate="0" branch-rate="1" complexity="1">
              <lines>
                <line number="9" hits="0" branch="false" />
              </lines>
            </method>
            <method name="get_Value" signature="()" line-rate="0" branch-rate="1" complexity="1">
              <lines>
                <line number="10" hits="0" branch="false" />
              </lines>
            </method>
            <method name="get_ErrorMessage" signature="()" line-rate="0" branch-rate="1" complexity="1">
              <lines>
                <line number="11" hits="0" branch="false" />
              </lines>
            </method>
            <method name="Success" signature="(System.String)" line-rate="0" branch-rate="1" complexity="1">
              <lines>
                <line number="29" hits="0" branch="false" />
              </lines>
            </method>
            <method name="Failure" signature="(System.String)" line-rate="0" branch-rate="1" complexity="1">
              <lines>
                <line number="30" hits="0" branch="false" />
              </lines>
            </method>
            <method name=".ctor" signature="(System.Boolean,System.String,System.String)" line-rate="0" branch-rate="0" complexity="8">
              <lines>
                <line number="13" hits="0" branch="false" />
                <line number="14" hits="0" branch="false" />
                <line number="15" hits="0" branch="true" condition-coverage="0% (0/4)" />
                <line number="16" hits="0" branch="false" />
                <line number="17" hits="0" branch="false" />
                <line number="18" hits="0" branch="false" />
                <line number="19" hits="0" branch="true" condition-coverage="0% (0/4)" />
                <line number="20" hits="0" branch="false" />
                <line number="21" hits="0" branch="false" />
                <line number="22" hits="0" branch="false" />
                <line number="24" hits="0" branch="false" />
                <line number="25" hits="0" branch="false" />
                <line number="26" hits="0" branch="false" />
                <line number="27" hits="0" branch="false" />
              </lines>
            </method>
          </methods>
          <lines>
            <line number="9" hits="0" branch="false" />
            <line number="10" hits="0" branch="false" />
            <line number="11" hits="0" branch="false" />
            <line number="13" hits="0" branch="false" />
            <line number="14" hits="0" branch="false" />
            <line number="15" hits="0" branch="true" condition-coverage="0% (0/4)" />
            <line number="16" hits="0" branch="false" />
            <line number="17" hits="0" branch="false" />
            <line number="18" hits="0" branch="false" />
            <line number="19" hits="0" branch="true" condition-coverage="0% (0/4)" />
            <line number="20" hits="0" branch="false" />
            <line number="21" hits="0" branch="false" />
            <line number="22" hits="0" branch="false" />
            <line number="24" hits="0" branch="false" />
            <line number="25" hits="0" branch="false" />
            <line number="26" hits="0" branch="false" />
            <line number="27" hits="0" branch="false" />
            <line number="29" hits="0" branch="false" />
            <line number="30" hits="0" branch="false" />
          </lines>
        </class>
        <class name="Vulthil.Messaging.RabbitMq.MessagingConfiguratorExtensions" filename="C:\Development\Vulthil\Vulthil.SharedKernel\src\Vulthil.Messaging.RabbitMq\MessagingConfiguratorExtensions.cs" line-rate="1" branch-rate="1" complexity="2">
          <methods>
            <method name="UseRabbitMq" signature="(Vulthil.Messaging.IMessagingConfigurator)" line-rate="1" branch-rate="1" complexity="1">
              <lines>
                <line number="11" hits="12" branch="false" />
                <line number="12" hits="12" branch="false" />
                <line number="14" hits="12" branch="false" />
                <line number="15" hits="12" branch="false" />
                <line number="16" hits="12" branch="false" />
                <line number="18" hits="12" branch="false" />
                <line number="19" hits="12" branch="false" />
              </lines>
            </method>
            <method name="AddRabbitMqClient" signature="(Microsoft.Extensions.Hosting.IHostApplicationBuilder,System.String)" line-rate="1" branch-rate="1" complexity="1">
              <lines>
                <line number="22" hits="12" branch="false" />
                <line number="23" hits="12" branch="false" />
                <line number="25" hits="12" branch="false" />
                <line number="26" hits="12" branch="false" />
              </lines>
            </method>
          </methods>
          <lines>
            <line number="11" hits="12" branch="false" />
            <line number="12" hits="12" branch="false" />
            <line number="14" hits="12" branch="false" />
            <line number="15" hits="12" branch="false" />
            <line number="16" hits="12" branch="false" />
            <line number="18" hits="12" branch="false" />
            <line number="19" hits="12" branch="false" />
            <line number="22" hits="12" branch="false" />
            <line number="23" hits="12" branch="false" />
            <line number="25" hits="12" branch="false" />
            <line number="26" hits="12" branch="false" />
          </lines>
        </class>
        <class name="Vulthil.Messaging.RabbitMq.RabbitMqConsumer" filename="C:\Development\Vulthil\Vulthil.SharedKernel\src\Vulthil.Messaging.RabbitMq\RabbitMqConsumer.cs" line-rate="0.4838709677419355" branch-rate="0.4583333333333333" complexity="29">
          <methods>
            <method name="HandleConsumer" signature="(Vulthil.Messaging.Abstractions.Consumers.IConsumer,System.Object,System.Threading.CancellationToken)" line-rate="1" branch-rate="1" complexity="1">
              <lines>
                <line number="143" hits="1" branch="false" />
              </lines>
            </method>
            <method name=".ctor" signature="(RabbitMQ.Client.IChannel,Vulthil.Messaging.QueueDefinition,Microsoft.Extensions.DependencyInjection.IServiceScopeFactory,Vulthil.Messaging.TypeCache)" line-rate="1" branch-rate="1" complexity="1">
              <lines>
                <line number="18" hits="13" branch="false" />
                <line number="19" hits="13" branch="false" />
                <line number="20" hits="13" branch="false" />
                <line number="21" hits="13" branch="false" />
                <line number="22" hits="13" branch="false" />
                <line number="24" hits="13" branch="false" />
                <line number="25" hits="13" branch="false" />
              </lines>
            </method>
            <method name="HandleMessageAsync" signature="()" line-rate="0.5409836065573771" branch-rate="0.4583333333333333" complexity="24">
              <lines>
                <line number="34" hits="1" branch="false" />
                <line number="35" hits="1" branch="false" />
                <line number="37" hits="1" branch="false" />
                <line number="38" hits="1" branch="false" />
                <line number="39" hits="1" branch="false" />
                <line number="41" hits="1" branch="false" />
                <line number="43" hits="1" branch="true" condition-coverage="50% (1/2)" />
                <line number="44" hits="0" branch="false" />
                <line number="45" hits="0" branch="false" />
                <line number="46" hits="0" branch="false" />
                <line number="49" hits="1" branch="true" condition-coverage="50% (1/2)" />
                <line number="50" hits="0" branch="false" />
                <line number="51" hits="0" branch="false" />
                <line number="52" hits="0" branch="false" />
                <line number="55" hits="1" branch="false" />
                <line number="57" hits="1" branch="false" />
                <line number="58" hits="1" branch="false" />
                <line number="59" hits="1" branch="false" />
                <line number="60" hits="1" branch="true" condition-coverage="50% (1/2)" />
                <line number="61" hits="0" branch="false" />
                <line number="62" hits="0" branch="false" />
                <line number="63" hits="0" branch="false" />
                <line number="66" hits="1" branch="true" condition-coverage="50% (1/2)" />
                <line number="67" hits="0" branch="false" />
                <line number="68" hits="0" branch="false" />
                <line number="69" hits="0" branch="false" />
                <line number="72" hits="5" branch="true" condition-coverage="100% (2/2)" />
                <line number="73" hits="1" branch="false" />
                <line number="75" hits="1" branch="false" />
                <line number="76" hits="1" branch="false" />
                <line number="78" hits="1" branch="true" condition-coverage="25% (1/4)" />
                <line number="79" hits="1" branch="false" />
                <line number="80" hits="1" branch="false" />
                <line number="81" hits="0" branch="false" />
                <line number="82" hits="0" branch="false" />
                <line number="83" hits="1" branch="false" />
                <line number="85" hits="1" branch="true" condition-coverage="50% (1/2)" />
                <line number="86" hits="0" branch="false" />
                <line number="87" hits="0" branch="false" />
                <line number="88" hits="0" branch="false" />
                <line number="89" hits="1" branch="false" />
                <line number="90" hits="1" branch="false" />
                <line number="91" hits="1" branch="false" />
                <line number="92" hits="0" branch="false" />
                <line number="93" hits="0" branch="false" />
                <line number="94" hits="0" branch="false" />
                <line number="95" hits="0" branch="false" />
                <line number="96" hits="1" branch="false" />
                <line number="98" hits="1" branch="true" condition-coverage="50% (1/2)" />
                <line number="99" hits="0" branch="false" />
                <line number="100" hits="0" branch="false" />
                <line number="101" hits="0" branch="false" />
                <line number="102" hits="1" branch="false" />
                <line number="104" hits="1" branch="false" />
                <line number="105" hits="1" branch="true" condition-coverage="50% (1/2)" />
                <line number="106" hits="0" branch="false" />
                <line number="107" hits="0" branch="true" condition-coverage="0% (0/2)" />
                <line number="108" hits="0" branch="false" />
                <line number="109" hits="0" branch="false" />
                <line number="110" hits="1" branch="true" condition-coverage="50% (1/2)" />
                <line number="111" hits="1" branch="false" />
              </lines>
            </method>
            <method name="HandleRequestConsumer" signature="()" line-rate="0" branch-rate="1" complexity="1">
              <lines>
                <line number="114" hits="0" branch="false" />
                <line number="116" hits="0" branch="false" />
                <line number="117" hits="0" branch="false" />
                <line number="119" hits="0" branch="false" />
                <line number="120" hits="0" branch="false" />
                <line number="122" hits="0" branch="false" />
                <line number="123" hits="0" branch="false" />
                <line number="124" hits="0" branch="false" />
                <line number="126" hits="0" branch="false" />
              </lines>
            </method>
            <method name="HandleResponseAsync" signature="()" line-rate="0" branch-rate="1" complexity="1">
              <lines>
                <line number="129" hits="0" branch="false" />
                <line number="130" hits="0" branch="false" />
                <line number="131" hits="0" branch="false" />
                <line number="132" hits="0" branch="false" />
                <line number="133" hits="0" branch="false" />
                <line number="134" hits="0" branch="false" />
                <line number="135" hits="0" branch="false" />
                <line number="136" hits="0" branch="false" />
                <line number="137" hits="0" branch="false" />
                <line number="139" hits="0" branch="false" />
                <line number="140" hits="0" branch="false" />
              </lines>
            </method>
            <method name="ReceiveMessage" signature="()" line-rate="1" branch-rate="1" complexity="1">
              <lines>
                <line number="27" hits="1" branch="false" />
                <line number="28" hits="1" branch="false" />
                <line number="30" hits="1" branch="false" />
                <line number="31" hits="1" branch="false" />
              </lines>
            </method>
          </methods>
          <lines>
            <line number="18" hits="13" branch="false" />
            <line number="19" hits="13" branch="false" />
            <line number="20" hits="13" branch="false" />
            <line number="21" hits="13" branch="false" />
            <line number="22" hits="13" branch="false" />
            <line number="24" hits="13" branch="false" />
            <line number="25" hits="13" branch="false" />
            <line number="27" hits="1" branch="false" />
            <line number="28" hits="1" branch="false" />
            <line number="30" hits="1" branch="false" />
            <line number="31" hits="1" branch="false" />
            <line number="34" hits="1" branch="false" />
            <line number="35" hits="1" branch="false" />
            <line number="37" hits="1" branch="false" />
            <line number="38" hits="1" branch="false" />
            <line number="39" hits="1" branch="false" />
            <line number="41" hits="1" branch="false" />
            <line number="43" hits="1" branch="true" condition-coverage="50% (1/2)" />
            <line number="44" hits="0" branch="false" />
            <line number="45" hits="0" branch="false" />
            <line number="46" hits="0" branch="false" />
            <line number="49" hits="1" branch="true" condition-coverage="50% (1/2)" />
            <line number="50" hits="0" branch="false" />
            <line number="51" hits="0" branch="false" />
            <line number="52" hits="0" branch="false" />
            <line number="55" hits="1" branch="false" />
            <line number="57" hits="1" branch="false" />
            <line number="58" hits="1" branch="false" />
            <line number="59" hits="1" branch="false" />
            <line number="60" hits="1" branch="true" condition-coverage="50% (1/2)" />
            <line number="61" hits="0" branch="false" />
            <line number="62" hits="0" branch="false" />
            <line number="63" hits="0" branch="false" />
            <line number="66" hits="1" branch="true" condition-coverage="50% (1/2)" />
            <line number="67" hits="0" branch="false" />
            <line number="68" hits="0" branch="false" />
            <line number="69" hits="0" branch="false" />
            <line number="72" hits="5" branch="true" condition-coverage="100% (2/2)" />
            <line number="73" hits="1" branch="false" />
            <line number="75" hits="1" branch="false" />
            <line number="76" hits="1" branch="false" />
            <line number="78" hits="1" branch="true" condition-coverage="25% (1/4)" />
            <line number="79" hits="1" branch="false" />
            <line number="80" hits="1" branch="false" />
            <line number="81" hits="0" branch="false" />
            <line number="82" hits="0" branch="false" />
            <line number="83" hits="1" branch="false" />
            <line number="85" hits="1" branch="true" condition-coverage="50% (1/2)" />
            <line number="86" hits="0" branch="false" />
            <line number="87" hits="0" branch="false" />
            <line number="88" hits="0" branch="false" />
            <line number="89" hits="1" branch="false" />
            <line number="90" hits="1" branch="false" />
            <line number="91" hits="1" branch="false" />
            <line number="92" hits="0" branch="false" />
            <line number="93" hits="0" branch="false" />
            <line number="94" hits="0" branch="false" />
            <line number="95" hits="0" branch="false" />
            <line number="96" hits="1" branch="false" />
            <line number="98" hits="1" branch="true" condition-coverage="50% (1/2)" />
            <line number="99" hits="0" branch="false" />
            <line number="100" hits="0" branch="false" />
            <line number="101" hits="0" branch="false" />
            <line number="102" hits="1" branch="false" />
            <line number="104" hits="1" branch="false" />
            <line number="105" hits="1" branch="true" condition-coverage="50% (1/2)" />
            <line number="106" hits="0" branch="false" />
            <line number="107" hits="0" branch="true" condition-coverage="0% (0/2)" />
            <line number="108" hits="0" branch="false" />
            <line number="109" hits="0" branch="false" />
            <line number="110" hits="1" branch="true" condition-coverage="50% (1/2)" />
            <line number="111" hits="1" branch="false" />
            <line number="114" hits="0" branch="false" />
            <line number="116" hits="0" branch="false" />
            <line number="117" hits="0" branch="false" />
            <line number="119" hits="0" branch="false" />
            <line number="120" hits="0" branch="false" />
            <line number="122" hits="0" branch="false" />
            <line number="123" hits="0" branch="false" />
            <line number="124" hits="0" branch="false" />
            <line number="126" hits="0" branch="false" />
            <line number="129" hits="0" branch="false" />
            <line number="130" hits="0" branch="false" />
            <line number="131" hits="0" branch="false" />
            <line number="132" hits="0" branch="false" />
            <line number="133" hits="0" branch="false" />
            <line number="134" hits="0" branch="false" />
            <line number="135" hits="0" branch="false" />
            <line number="136" hits="0" branch="false" />
            <line number="137" hits="0" branch="false" />
            <line number="139" hits="0" branch="false" />
            <line number="140" hits="0" branch="false" />
            <line number="143" hits="1" branch="false" />
          </lines>
        </class>
        <class name="Vulthil.Messaging.RabbitMq.RabbitMqOptions" filename="C:\Development\Vulthil\Vulthil.SharedKernel\src\Vulthil.Messaging.RabbitMq\RabbitMqOptions.cs" line-rate="0" branch-rate="1" complexity="1">
          <methods>
            <method name="get_ConnectionString" signature="()" line-rate="0" branch-rate="1" complexity="1">
              <lines>
                <line number="5" hits="0" branch="false" />
              </lines>
            </method>
          </methods>
          <lines>
            <line number="5" hits="0" branch="false" />
          </lines>
        </class>
        <class name="Vulthil.Messaging.RabbitMq.RabbitMqPublisher" filename="C:\Development\Vulthil\Vulthil.SharedKernel\src\Vulthil.Messaging.RabbitMq\RabbitMqPublisher.cs" line-rate="0" branch-rate="0" complexity="11">
          <methods>
            <method name="Dispose" signature="(System.Boolean)" line-rate="0" branch-rate="0" complexity="2">
              <lines>
                <line number="71" hits="0" branch="false" />
                <line number="72" hits="0" branch="true" condition-coverage="0% (0/2)" />
                <line number="73" hits="0" branch="false" />
                <line number="74" hits="0" branch="false" />
                <line number="75" hits="0" branch="false" />
                <line number="76" hits="0" branch="false" />
              </lines>
            </method>
            <method name="Dispose" signature="()" line-rate="0" branch-rate="1" complexity="1">
              <lines>
                <line number="79" hits="0" branch="false" />
                <line number="80" hits="0" branch="false" />
                <line number="81" hits="0" branch="false" />
                <line number="82" hits="0" branch="false" />
              </lines>
            </method>
            <method name="DisposeAsync" signature="()" line-rate="0" branch-rate="1" complexity="1">
              <lines>
                <line number="85" hits="0" branch="false" />
                <line number="87" hits="0" branch="false" />
                <line number="89" hits="0" branch="false" />
                <line number="91" hits="0" branch="false" />
                <line number="92" hits="0" branch="false" />
              </lines>
            </method>
            <method name=".ctor" signature="(Microsoft.Extensions.Logging.ILogger`1&lt;Vulthil.Messaging.RabbitMq.RabbitMqPublisher&gt;,RabbitMQ.Client.IConnection,Vulthil.Messaging.TypeCache)" line-rate="0" branch-rate="1" complexity="1">
              <lines>
                <line number="14" hits="0" branch="false" />
                <line number="15" hits="0" branch="false" />
                <line number="18" hits="0" branch="false" />
                <line number="19" hits="0" branch="false" />
                <line number="20" hits="0" branch="false" />
                <line number="21" hits="0" branch="false" />
                <line number="22" hits="0" branch="false" />
                <line number="23" hits="0" branch="false" />
              </lines>
            </method>
            <method name="PublishAsync" signature="()" line-rate="0" branch-rate="0" complexity="6">
              <lines>
                <line number="27" hits="0" branch="false" />
                <line number="28" hits="0" branch="true" condition-coverage="0% (0/2)" />
                <line number="30" hits="0" branch="true" condition-coverage="0% (0/4)" />
                <line number="31" hits="0" branch="false" />
                <line number="32" hits="0" branch="false" />
                <line number="33" hits="0" branch="false" />
                <line number="34" hits="0" branch="false" />
                <line number="35" hits="0" branch="false" />
                <line number="37" hits="0" branch="false" />
                <line number="39" hits="0" branch="false" />
                <line number="40" hits="0" branch="false" />
                <line number="42" hits="0" branch="false" />
                <line number="43" hits="0" branch="false" />
                <line number="44" hits="0" branch="false" />
                <line number="45" hits="0" branch="false" />
                <line number="48" hits="0" branch="false" />
                <line number="49" hits="0" branch="false" />
                <line number="50" hits="0" branch="false" />
                <line number="51" hits="0" branch="false" />
                <line number="52" hits="0" branch="false" />
                <line number="53" hits="0" branch="false" />
                <line number="55" hits="0" branch="false" />
                <line number="57" hits="0" branch="false" />
                <line number="58" hits="0" branch="false" />
                <line number="60" hits="0" branch="false" />
                <line number="61" hits="0" branch="false" />
                <line number="63" hits="0" branch="false" />
                <line number="64" hits="0" branch="false" />
                <line number="65" hits="0" branch="false" />
                <line number="66" hits="0" branch="false" />
              </lines>
            </method>
          </methods>
          <lines>
            <line number="14" hits="0" branch="false" />
            <line number="15" hits="0" branch="false" />
            <line number="18" hits="0" branch="false" />
            <line number="19" hits="0" branch="false" />
            <line number="20" hits="0" branch="false" />
            <line number="21" hits="0" branch="false" />
            <line number="22" hits="0" branch="false" />
            <line number="23" hits="0" branch="false" />
            <line number="27" hits="0" branch="false" />
            <line number="28" hits="0" branch="true" condition-coverage="0% (0/2)" />
            <line number="30" hits="0" branch="true" condition-coverage="0% (0/4)" />
            <line number="31" hits="0" branch="false" />
            <line number="32" hits="0" branch="false" />
            <line number="33" hits="0" branch="false" />
            <line number="34" hits="0" branch="false" />
            <line number="35" hits="0" branch="false" />
            <line number="37" hits="0" branch="false" />
            <line number="39" hits="0" branch="false" />
            <line number="40" hits="0" branch="false" />
            <line number="42" hits="0" branch="false" />
            <line number="43" hits="0" branch="false" />
            <line number="44" hits="0" branch="false" />
            <line number="45" hits="0" branch="false" />
            <line number="48" hits="0" branch="false" />
            <line number="49" hits="0" branch="false" />
            <line number="50" hits="0" branch="false" />
            <line number="51" hits="0" branch="false" />
            <line number="52" hits="0" branch="false" />
            <line number="53" hits="0" branch="false" />
            <line number="55" hits="0" branch="false" />
            <line number="57" hits="0" branch="false" />
            <line number="58" hits="0" branch="false" />
            <line number="60" hits="0" branch="false" />
            <line number="61" hits="0" branch="false" />
            <line number="63" hits="0" branch="false" />
            <line number="64" hits="0" branch="false" />
            <line number="65" hits="0" branch="false" />
            <line number="66" hits="0" branch="false" />
            <line number="71" hits="0" branch="false" />
            <line number="72" hits="0" branch="true" condition-coverage="0% (0/2)" />
            <line number="73" hits="0" branch="false" />
            <line number="74" hits="0" branch="false" />
            <line number="75" hits="0" branch="false" />
            <line number="76" hits="0" branch="false" />
            <line number="79" hits="0" branch="false" />
            <line number="80" hits="0" branch="false" />
            <line number="81" hits="0" branch="false" />
            <line number="82" hits="0" branch="false" />
            <line number="85" hits="0" branch="false" />
            <line number="87" hits="0" branch="false" />
            <line number="89" hits="0" branch="false" />
            <line number="91" hits="0" branch="false" />
            <line number="92" hits="0" branch="false" />
          </lines>
        </class>
        <class name="Vulthil.Messaging.RabbitMq.RabbitMqRequester" filename="C:\Development\Vulthil\Vulthil.SharedKernel\src\Vulthil.Messaging.RabbitMq\RabbitMqRequester.cs" line-rate="0.3644859813084112" branch-rate="0.22727272727272727" complexity="19">
          <methods>
            <method name="Dispose" signature="(System.Boolean)" line-rate="1" branch-rate="0.75" complexity="4">
              <lines>
                <line number="143" hits="12" branch="false" />
                <line number="144" hits="12" branch="true" condition-coverage="100% (2/2)" />
                <line number="145" hits="12" branch="false" />
                <line number="146" hits="12" branch="true" condition-coverage="50% (1/2)" />
                <line number="147" hits="12" branch="false" />
                <line number="148" hits="12" branch="false" />
                <line number="149" hits="12" branch="false" />
              </lines>
            </method>
            <method name="Dispose" signature="()" line-rate="1" branch-rate="1" complexity="1">
              <lines>
                <line number="152" hits="12" branch="false" />
                <line number="153" hits="12" branch="false" />
                <line number="154" hits="12" branch="false" />
                <line number="155" hits="12" branch="false" />
              </lines>
            </method>
            <method name=".ctor" signature="(RabbitMQ.Client.IConnection,Vulthil.Messaging.TypeCache)" line-rate="1" branch-rate="1" complexity="1">
              <lines>
                <line number="14" hits="12" branch="false" />
                <line number="20" hits="12" branch="false" />
                <line number="22" hits="12" branch="false" />
                <line number="23" hits="12" branch="false" />
                <line number="24" hits="12" branch="false" />
                <line number="25" hits="12" branch="false" />
                <line number="26" hits="12" branch="false" />
              </lines>
            </method>
            <method name="CreateChannelAsync" signature="()" line-rate="1" branch-rate="1" complexity="1">
              <lines>
                <line number="134" hits="12" branch="false" />
                <line number="135" hits="12" branch="false" />
                <line number="136" hits="12" branch="false" />
                <line number="137" hits="12" branch="false" />
                <line number="138" hits="12" branch="false" />
              </lines>
            </method>
            <method name="DisposeAsync" signature="()" line-rate="0" branch-rate="0" complexity="2">
              <lines>
                <line number="158" hits="0" branch="false" />
                <line number="159" hits="0" branch="true" condition-coverage="0% (0/2)" />
                <line number="160" hits="0" branch="false" />
                <line number="162" hits="0" branch="false" />
                <line number="163" hits="0" branch="false" />
              </lines>
            </method>
            <method name="StartAsync" signature="()" line-rate="0.48484848484848486" branch-rate="0.25" complexity="2">
              <lines>
                <line number="95" hits="12" branch="false" />
                <line number="96" hits="12" branch="true" condition-coverage="100% (2/2)" />
                <line number="99" hits="12" branch="false" />
                <line number="100" hits="12" branch="false" />
                <line number="101" hits="12" branch="false" />
                <line number="103" hits="12" branch="false" />
                <line number="104" hits="0" branch="false" />
                <line number="105" hits="0" branch="false" />
                <line number="106" hits="12" branch="false" />
                <line number="107" hits="0" branch="true" condition-coverage="0% (0/4)" />
                <line number="108" hits="0" branch="false" />
                <line number="109" hits="0" branch="false" />
                <line number="110" hits="12" branch="false" />
                <line number="111" hits="12" branch="false" />
                <line number="112" hits="0" branch="false" />
                <line number="113" hits="0" branch="false" />
                <line number="114" hits="12" branch="false" />
                <line number="115" hits="12" branch="false" />
                <line number="116" hits="0" branch="false" />
                <line number="117" hits="0" branch="false" />
                <line number="118" hits="0" branch="true" condition-coverage="0% (0/2)" />
                <line number="119" hits="0" branch="false" />
                <line number="120" hits="0" branch="false" />
                <line number="121" hits="0" branch="false" />
                <line number="122" hits="0" branch="false" />
                <line number="123" hits="0" branch="false" />
                <line number="124" hits="12" branch="false" />
                <line number="125" hits="0" branch="false" />
                <line number="126" hits="12" branch="false" />
                <line number="127" hits="0" branch="false" />
                <line number="128" hits="12" branch="false" />
                <line number="130" hits="12" branch="false" />
                <line number="131" hits="12" branch="false" />
              </lines>
            </method>
            <method name="Vulthil-Messaging-Abstractions-Publishers-IRequester-RequestAsync" signature="()" line-rate="0" branch-rate="0" complexity="8">
              <lines>
                <line number="29" hits="0" branch="false" />
                <line number="30" hits="0" branch="true" condition-coverage="0% (0/2)" />
                <line number="31" hits="0" branch="false" />
                <line number="32" hits="0" branch="false" />
                <line number="35" hits="0" branch="false" />
                <line number="37" hits="0" branch="false" />
                <line number="38" hits="0" branch="false" />
                <line number="39" hits="0" branch="false" />
                <line number="40" hits="0" branch="false" />
                <line number="41" hits="0" branch="false" />
                <line number="42" hits="0" branch="false" />
                <line number="43" hits="0" branch="false" />
                <line number="45" hits="0" branch="true" condition-coverage="0% (0/2)" />
                <line number="46" hits="0" branch="false" />
                <line number="47" hits="0" branch="false" />
                <line number="50" hits="0" branch="false" />
                <line number="51" hits="0" branch="false" />
                <line number="52" hits="0" branch="false" />
                <line number="54" hits="0" branch="false" />
                <line number="56" hits="0" branch="false" />
                <line number="58" hits="0" branch="false" />
                <line number="59" hits="0" branch="false" />
                <line number="60" hits="0" branch="false" />
                <line number="62" hits="0" branch="false" />
                <line number="63" hits="0" branch="false" />
                <line number="64" hits="0" branch="false" />
                <line number="65" hits="0" branch="false" />
                <line number="66" hits="0" branch="false" />
                <line number="67" hits="0" branch="false" />
                <line number="68" hits="0" branch="false" />
                <line number="69" hits="0" branch="false" />
                <line number="71" hits="0" branch="false" />
                <line number="73" hits="0" branch="true" condition-coverage="0% (0/2)" />
                <line number="74" hits="0" branch="false" />
                <line number="75" hits="0" branch="false" />
                <line number="79" hits="0" branch="false" />
                <line number="80" hits="0" branch="false" />
                <line number="81" hits="0" branch="true" condition-coverage="0% (0/2)" />
                <line number="82" hits="0" branch="false" />
                <line number="83" hits="0" branch="false" />
                <line number="85" hits="0" branch="false" />
                <line number="86" hits="0" branch="false" />
                <line number="87" hits="0" branch="false" />
                <line number="88" hits="0" branch="false" />
                <line number="91" hits="0" branch="false" />
                <line number="92" hits="0" branch="false" />
              </lines>
            </method>
          </methods>
          <lines>
            <line number="14" hits="12" branch="false" />
            <line number="20" hits="12" branch="false" />
            <line number="22" hits="12" branch="false" />
            <line number="23" hits="12" branch="false" />
            <line number="24" hits="12" branch="false" />
            <line number="25" hits="12" branch="false" />
            <line number="26" hits="12" branch="false" />
            <line number="29" hits="0" branch="false" />
            <line number="30" hits="0" branch="true" condition-coverage="0% (0/2)" />
            <line number="31" hits="0" branch="false" />
            <line number="32" hits="0" branch="false" />
            <line number="35" hits="0" branch="false" />
            <line number="37" hits="0" branch="false" />
            <line number="38" hits="0" branch="false" />
            <line number="39" hits="0" branch="false" />
            <line number="40" hits="0" branch="false" />
            <line number="41" hits="0" branch="false" />
            <line number="42" hits="0" branch="false" />
            <line number="43" hits="0" branch="false" />
            <line number="45" hits="0" branch="true" condition-coverage="0% (0/2)" />
            <line number="46" hits="0" branch="false" />
            <line number="47" hits="0" branch="false" />
            <line number="50" hits="0" branch="false" />
            <line number="51" hits="0" branch="false" />
            <line number="52" hits="0" branch="false" />
            <line number="54" hits="0" branch="false" />
            <line number="56" hits="0" branch="false" />
            <line number="58" hits="0" branch="false" />
            <line number="59" hits="0" branch="false" />
            <line number="60" hits="0" branch="false" />
            <line number="62" hits="0" branch="false" />
            <line number="63" hits="0" branch="false" />
            <line number="64" hits="0" branch="false" />
            <line number="65" hits="0" branch="false" />
            <line number="66" hits="0" branch="false" />
            <line number="67" hits="0" branch="false" />
            <line number="68" hits="0" branch="false" />
            <line number="69" hits="0" branch="false" />
            <line number="71" hits="0" branch="false" />
            <line number="73" hits="0" branch="true" condition-coverage="0% (0/2)" />
            <line number="74" hits="0" branch="false" />
            <line number="75" hits="0" branch="false" />
            <line number="79" hits="0" branch="false" />
            <line number="80" hits="0" branch="false" />
            <line number="81" hits="0" branch="true" condition-coverage="0% (0/2)" />
            <line number="82" hits="0" branch="false" />
            <line number="83" hits="0" branch="false" />
            <line number="85" hits="0" branch="false" />
            <line number="86" hits="0" branch="false" />
            <line number="87" hits="0" branch="false" />
            <line number="88" hits="0" branch="false" />
            <line number="91" hits="0" branch="false" />
            <line number="92" hits="0" branch="false" />
            <line number="95" hits="12" branch="false" />
            <line number="96" hits="12" branch="true" condition-coverage="100% (2/2)" />
            <line number="99" hits="12" branch="false" />
            <line number="100" hits="12" branch="false" />
            <line number="101" hits="12" branch="false" />
            <line number="103" hits="12" branch="false" />
            <line number="104" hits="0" branch="false" />
            <line number="105" hits="0" branch="false" />
            <line number="106" hits="12" branch="false" />
            <line number="107" hits="0" branch="true" condition-coverage="0% (0/4)" />
            <line number="108" hits="0" branch="false" />
            <line number="109" hits="0" branch="false" />
            <line number="110" hits="12" branch="false" />
            <line number="111" hits="12" branch="false" />
            <line number="112" hits="0" branch="false" />
            <line number="113" hits="0" branch="false" />
            <line number="114" hits="12" branch="false" />
            <line number="115" hits="12" branch="false" />
            <line number="116" hits="0" branch="false" />
            <line number="117" hits="0" branch="false" />
            <line number="118" hits="0" branch="true" condition-coverage="0% (0/2)" />
            <line number="119" hits="0" branch="false" />
            <line number="120" hits="0" branch="false" />
            <line number="121" hits="0" branch="false" />
            <line number="122" hits="0" branch="false" />
            <line number="123" hits="0" branch="false" />
            <line number="124" hits="12" branch="false" />
            <line number="125" hits="0" branch="false" />
            <line number="126" hits="12" branch="false" />
            <line number="127" hits="0" branch="false" />
            <line number="128" hits="12" branch="false" />
            <line number="130" hits="12" branch="false" />
            <line number="131" hits="12" branch="false" />
            <line number="134" hits="12" branch="false" />
            <line number="135" hits="12" branch="false" />
            <line number="136" hits="12" branch="false" />
            <line number="137" hits="12" branch="false" />
            <line number="138" hits="12" branch="false" />
            <line number="143" hits="12" branch="false" />
            <line number="144" hits="12" branch="true" condition-coverage="100% (2/2)" />
            <line number="145" hits="12" branch="false" />
            <line number="146" hits="12" branch="true" condition-coverage="50% (1/2)" />
            <line number="147" hits="12" branch="false" />
            <line number="148" hits="12" branch="false" />
            <line number="149" hits="12" branch="false" />
            <line number="152" hits="12" branch="false" />
            <line number="153" hits="12" branch="false" />
            <line number="154" hits="12" branch="false" />
            <line number="155" hits="12" branch="false" />
            <line number="158" hits="0" branch="false" />
            <line number="159" hits="0" branch="true" condition-coverage="0% (0/2)" />
            <line number="160" hits="0" branch="false" />
            <line number="162" hits="0" branch="false" />
            <line number="163" hits="0" branch="false" />
          </lines>
        </class>
        <class name="Vulthil.Messaging.RabbitMq.RabbitMqTransportService" filename="C:\Development\Vulthil\Vulthil.SharedKernel\src\Vulthil.Messaging.RabbitMq\RabbitMqTransportService.cs" line-rate="1" branch-rate="1" complexity="14">
          <methods>
            <method name=".ctor" signature="(Microsoft.Extensions.Logging.ILogger`1&lt;Vulthil.Messaging.RabbitMq.RabbitMqTransportService&gt;,Vulthil.Messaging.RabbitMq.RabbitMqRequester,RabbitMQ.Client.IConnection,Vulthil.Messaging.TypeCache,Microsoft.Extensions.DependencyInjection.IServiceScopeFactory,System.Collections.Generic.IEnumerable`1&lt;Vulthil.Messaging.QueueDefinition&gt;)" line-rate="1" branch-rate="1" complexity="1">
              <lines>
                <line number="16" hits="12" branch="false" />
                <line number="17" hits="12" branch="false" />
                <line number="18" hits="12" branch="false" />
                <line number="19" hits="12" branch="false" />
                <line number="20" hits="12" branch="false" />
                <line number="21" hits="12" branch="false" />
                <line number="22" hits="12" branch="false" />
                <line number="23" hits="12" branch="false" />
                <line number="24" hits="12" branch="false" />
                <line number="25" hits="12" branch="false" />
                <line number="26" hits="12" branch="false" />
                <line number="27" hits="12" branch="false" />
                <line number="28" hits="12" branch="false" />
                <line number="29" hits="12" branch="false" />
                <line number="30" hits="12" branch="false" />
              </lines>
            </method>
            <method name="DeclareQueueAndExchanges" signature="()" line-rate="1" branch-rate="1" complexity="6">
              <lines>
                <line number="61" hits="12" branch="false" />
                <line number="62" hits="12" branch="true" condition-coverage="100% (2/2)" />
                <line number="63" hits="60" branch="true" condition-coverage="100% (2/2)" />
                <line number="64" hits="12" branch="false" />
                <line number="65" hits="12" branch="false" />
                <line number="66" hits="12" branch="false" />
                <line number="67" hits="12" branch="false" />
                <line number="68" hits="12" branch="false" />
                <line number="70" hits="72" branch="false" />
                <line number="71" hits="12" branch="false" />
                <line number="72" hits="12" branch="false" />
                <line number="73" hits="12" branch="false" />
                <line number="74" hits="12" branch="false" />
                <line number="75" hits="12" branch="false" />
                <line number="76" hits="12" branch="false" />
              </lines>
            </method>
            <method name="StartAsync" signature="()" line-rate="1" branch-rate="1" complexity="1">
              <lines>
                <line number="33" hits="12" branch="false" />
                <line number="34" hits="12" branch="false" />
                <line number="36" hits="12" branch="false" />
                <line number="37" hits="12" branch="false" />
              </lines>
            </method>
            <method name="StartConsumers" signature="()" line-rate="1" branch-rate="1" complexity="6">
              <lines>
[...]
            <line number="48" hits="24" branch="false" />
            <line number="50" hits="12" branch="false" />
            <line number="51" hits="12" branch="false" />
            <line number="54" hits="3" branch="false" />
            <line number="55" hits="21" branch="true" condition-coverage="100% (2/2)" />
            <line number="56" hits="6" branch="false" />
            <line number="57" hits="6" branch="false" />
            <line number="58" hits="6" branch="false" />
            <line number="60" hits="3" branch="false" />
            <line number="61" hits="3" branch="false" />
            <line number="62" hits="3" branch="false" />
            <line number="65" hits="9" branch="false" />
            <line number="66" hits="45" branch="true" condition-coverage="100% (2/2)" />
            <line number="67" hits="9" branch="false" />
            <line number="68" hits="9" branch="false" />
            <line number="69" hits="9" branch="false" />
            <line number="70" hits="9" branch="false" />
            <line number="73" hits="3" branch="false" />
            <line number="74" hits="3" branch="false" />
            <line number="75" hits="15" branch="true" condition-coverage="100% (2/2)" />
            <line number="76" hits="3" branch="false" />
            <line number="77" hits="3" branch="false" />
            <line number="78" hits="3" branch="true" condition-coverage="100% (2/2)" />
            <line number="79" hits="3" branch="false" />
            <line number="80" hits="3" branch="false" />
            <line number="81" hits="3" branch="false" />
            <line number="82" hits="3" branch="false" />
            <line number="83" hits="3" branch="false" />
          </lines>
        </class>
        <class name="Vulthil.xUnit.Containers.ContainerPool`3" filename="C:\Development\Vulthil\Vulthil.SharedKernel\src\Vulthil.xUnit\Containers\ContainerPool.cs" line-rate="0.975609756097561" branch-rate="0.9" complexity="11">
          <methods>
            <method name="ReleaseContainer" signature="(Vulthil.xUnit.Containers.ICustomContainer)" line-rate="1" branch-rate="1" complexity="2">
              <lines>
                <line number="43" hits="6" branch="false" />
                <line number="44" hits="6" branch="true" condition-coverage="100% (2/2)" />
                <line number="45" hits="5" branch="false" />
                <line number="46" hits="5" branch="false" />
                <line number="47" hits="5" branch="false" />
                <line number="48" hits="5" branch="false" />
                <line number="49" hits="5" branch="false" />
                <line number="50" hits="6" branch="false" />
              </lines>
            </method>
            <method name=".ctor" signature="()" line-rate="1" branch-rate="1" complexity="1">
              <lines>
                <line number="16" hits="2" branch="false" />
                <line number="17" hits="2" branch="false" />
                <line number="22" hits="2" branch="false" />
                <line number="23" hits="2" branch="false" />
                <line number="24" hits="2" branch="false" />
                <line number="25" hits="2" branch="false" />
                <line number="26" hits="2" branch="false" />
              </lines>
            </method>
            <method name="DisposeAsync" signature="()" line-rate="1" branch-rate="1" complexity="2">
              <lines>
                <line number="52" hits="2" branch="false" />
                <line number="53" hits="12" branch="true" condition-coverage="100% (2/2)" />
                <line number="54" hits="3" branch="false" />
                <line number="55" hits="3" branch="false" />
                <line number="56" hits="3" branch="false" />
                <line number="57" hits="2" branch="false" />
                <line number="58" hits="2" branch="false" />
                <line number="59" hits="2" branch="false" />
              </lines>
            </method>
            <method name="GetContainerAsync" signature="()" line-rate="0.875" branch-rate="0.5" complexity="2">
              <lines>
                <line number="29" hits="6" branch="false" />
                <line number="30" hits="6" branch="false" />
                <line number="32" hits="6" branch="true" condition-coverage="50% (1/2)" />
                <line number="33" hits="6" branch="false" />
                <line number="34" hits="6" branch="false" />
                <line number="35" hits="6" branch="false" />
                <line number="39" hits="0" branch="false" />
                <line number="40" hits="6" branch="false" />
              </lines>
            </method>
            <method name="InitializeAsync" signature="()" line-rate="1" branch-rate="1" complexity="4">
              <lines>
                <line number="64" hits="2" branch="false" />
                <line number="65" hits="10" branch="true" condition-coverage="100% (2/2)" />
                <line number="66" hits="3" branch="false" />
                <line number="67" hits="3" branch="false" />
                <line number="68" hits="3" branch="false" />
                <line number="69" hits="3" branch="true" condition-coverage="100% (2/2)" />
                <line number="71" hits="3" branch="false" />
                <line number="73" hits="3" branch="false" />
                <line number="74" hits="3" branch="false" />
                <line number="75" hits="2" branch="false" />
              </lines>
            </method>
          </methods>
          <lines>
            <line number="16" hits="2" branch="false" />
            <line number="17" hits="2" branch="false" />
            <line number="22" hits="2" branch="false" />
            <line number="23" hits="2" branch="false" />
            <line number="24" hits="2" branch="false" />
            <line number="25" hits="2" branch="false" />
            <line number="26" hits="2" branch="false" />
            <line number="29" hits="6" branch="false" />
            <line number="30" hits="6" branch="false" />
            <line number="32" hits="6" branch="true" condition-coverage="50% (1/2)" />
            <line number="33" hits="6" branch="false" />
            <line number="34" hits="6" branch="false" />
            <line number="35" hits="6" branch="false" />
            <line number="39" hits="0" branch="false" />
            <line number="40" hits="6" branch="false" />
            <line number="43" hits="6" branch="false" />
            <line number="44" hits="6" branch="true" condition-coverage="100% (2/2)" />
            <line number="45" hits="5" branch="false" />
            <line number="46" hits="5" branch="false" />
            <line number="47" hits="5" branch="false" />
            <line number="48" hits="5" branch="false" />
            <line number="49" hits="5" branch="false" />
            <line number="50" hits="6" branch="false" />
            <line number="52" hits="2" branch="false" />
            <line number="53" hits="12" branch="true" condition-coverage="100% (2/2)" />
            <line number="54" hits="3" branch="false" />
            <line number="55" hits="3" branch="false" />
            <line number="56" hits="3" branch="false" />
            <line number="57" hits="2" branch="false" />
            <line number="58" hits="2" branch="false" />
            <line number="59" hits="2" branch="false" />
            <line number="64" hits="2" branch="false" />
            <line number="65" hits="10" branch="true" condition-coverage="100% (2/2)" />
            <line number="66" hits="3" branch="false" />
            <line number="67" hits="3" branch="false" />
            <line number="68" hits="3" branch="false" />
            <line number="69" hits="3" branch="true" condition-coverage="100% (2/2)" />
            <line number="71" hits="3" branch="false" />
            <line number="73" hits="3" branch="false" />
            <line number="74" hits="3" branch="false" />
            <line number="75" hits="2" branch="false" />
          </lines>
        </class>
        <class name="Vulthil.xUnit.Containers.ContainerWithConnectionStringPool`2" filename="C:\Development\Vulthil\Vulthil.SharedKernel\src\Vulthil.xUnit\Containers\DatabaseContainerWithRespawnerPool.cs" line-rate="1" branch-rate="1" complexity="1">
          <methods>
            <method name="CreateCustomContainer" signature="(TContainerEntity)" line-rate="1" branch-rate="1" complexity="1">
              <lines>
                <line number="23" hits="1" branch="false" />
              </lines>
            </method>
          </methods>
          <lines>
            <line number="23" hits="1" branch="false" />
          </lines>
        </class>
        <class name="Vulthil.xUnit.Containers.ContainerWrapper" filename="C:\Development\Vulthil\Vulthil.SharedKernel\src\Vulthil.xUnit\Containers\DatabaseContainer.cs" line-rate="1" branch-rate="1" complexity="3">
          <methods>
            <method name="get_Container" signature="()" line-rate="1" branch-rate="1" complexity="1">
              <lines>
                <line number="10" hits="30" branch="false" />
              </lines>
            </method>
            <method name=".ctor" signature="(DotNet.Testcontainers.Containers.IContainer)" line-rate="1" branch-rate="1" complexity="1">
              <lines>
                <line number="8" hits="3" branch="false" />
              </lines>
            </method>
            <method name="DisposeAsync" signature="()" line-rate="1" branch-rate="1" complexity="1">
              <lines>
                <line number="13" hits="3" branch="false" />
                <line number="14" hits="3" branch="false" />
                <line number="15" hits="3" branch="false" />
                <line number="16" hits="3" branch="false" />
              </lines>
            </method>
          </methods>
          <lines>
            <line number="8" hits="3" branch="false" />
            <line number="10" hits="30" branch="false" />
            <line number="13" hits="3" branch="false" />
            <line number="14" hits="3" branch="false" />
            <line number="15" hits="3" branch="false" />
            <line number="16" hits="3" branch="false" />
          </lines>
        </class>
        <class name="Vulthil.xUnit.Containers.DatabaseContainer`1" filename="C:\Development\Vulthil\Vulthil.SharedKernel\src\Vulthil.xUnit\Containers\DatabaseContainer.cs" line-rate="0.8333333333333334" branch-rate="1" complexity="5">
          <methods>
            <method name="get_ConnectionString" signature="()" line-rate="1" branch-rate="1" complexity="1">
              <lines>
                <line number="23" hits="11" branch="false" />
              </lines>
            </method>
            <method name="get_DbContextType" signature="()" line-rate="0" branch-rate="1" complexity="1">
              <lines>
                <line number="25" hits="0" branch="false" />
              </lines>
            </method>
            <method name="get_HasBeenMigrated" signature="()" line-rate="1" branch-rate="1" complexity="1">
              <lines>
                <line number="26" hits="5" branch="false" />
              </lines>
            </method>
            <method name="MarkMigrated" signature="()" line-rate="1" branch-rate="1" complexity="1">
              <lines>
                <line number="28" hits="2" branch="false" />
              </lines>
            </method>
            <method name=".ctor" signature="(DotNet.Testcontainers.Containers.IDatabaseContainer)" line-rate="1" branch-rate="1" complexity="1">
              <lines>
                <line number="19" hits="2" branch="false" />
                <line number="22" hits="2" branch="false" />
              </lines>
            </method>
          </methods>
          <lines>
            <line number="19" hits="2" branch="false" />
            <line number="22" hits="2" branch="false" />
            <line number="23" hits="11" branch="false" />
            <line number="25" hits="0" branch="false" />
            <line number="26" hits="5" branch="false" />
            <line number="28" hits="2" branch="false" />
          </lines>
        </class>
        <class name="Vulthil.xUnit.Containers.DatabaseContainerPool`3" filename="C:\Development\Vulthil\Vulthil.SharedKernel\src\Vulthil.xUnit\Containers\DatabaseContainerWithRespawnerPool.cs" line-rate="0.3333333333333333" branch-rate="1" complexity="3">
          <methods>
            <method name="GetConnectionString" signature="(TContainerEntity)" line-rate="1" branch-rate="1" complexity="1">
              <lines>
                <line number="31" hits="12" branch="false" />
              </lines>
            </method>
            <method name="ApplyMigrations" signature="(System.IServiceProvider,Vulthil.xUnit.Containers.ICustomDatabaseContainer)" line-rate="0" branch-rate="1" complexity="1">
              <lines>
                <line number="32" hits="0" branch="false" />
              </lines>
            </method>
            <method name="CreateCustomContainer" signature="(TContainerEntity)" line-rate="0" branch-rate="1" complexity="1">
              <lines>
                <line number="34" hits="0" branch="false" />
              </lines>
            </method>
          </methods>
          <lines>
            <line number="31" hits="12" branch="false" />
            <line number="32" hits="0" branch="false" />
            <line number="34" hits="0" branch="false" />
          </lines>
        </class>
        <class name="Vulthil.xUnit.Containers.DatabaseContainerWithRespawner`1" filename="C:\Development\Vulthil\Vulthil.SharedKernel\src\Vulthil.xUnit\Containers\DatabaseContainer.cs" line-rate="1" branch-rate="1" complexity="5">
          <methods>
            <method name=".ctor" signature="(DotNet.Testcontainers.Containers.IDatabaseContainer,Respawn.RespawnerOptions,System.Func`2&lt;System.String,System.Threading.Tasks.Task`1&lt;System.Data.Common.DbConnection&gt;&gt;)" line-rate="1" branch-rate="1" complexity="1">
              <lines>
                <line number="34" hits="2" branch="false" />
                <line number="37" hits="2" branch="false" />
                <line number="38" hits="2" branch="false" />
              </lines>
            </method>
            <method name="InitializeRespawner" signature="()" line-rate="1" branch-rate="1" complexity="2">
              <lines>
                <line number="51" hits="3" branch="false" />
                <line number="52" hits="3" branch="true" condition-coverage="100% (2/2)" />
                <line number="53" hits="2" branch="false" />
                <line number="54" hits="2" branch="false" />
                <line number="55" hits="2" branch="false" />
                <line number="56" hits="2" branch="false" />
                <line number="57" hits="3" branch="false" />
              </lines>
            </method>
            <method name="ResetAsync" signature="()" line-rate="1" branch-rate="1" complexity="2">
              <lines>
                <line number="42" hits="9" branch="false" />
                <line number="43" hits="9" branch="true" condition-coverage="100% (2/2)" />
                <line number="44" hits="9" branch="false" />
                <line number="45" hits="9" branch="false" />
                <line number="46" hits="9" branch="false" />
                <line number="47" hits="9" branch="false" />
                <line number="48" hits="9" branch="false" />
              </lines>
            </method>
          </methods>
          <lines>
            <line number="34" hits="2" branch="false" />
            <line number="37" hits="2" branch="false" />
            <line number="38" hits="2" branch="false" />
            <line number="42" hits="9" branch="false" />
            <line number="43" hits="9" branch="true" condition-coverage="100% (2/2)" />
            <line number="44" hits="9" branch="false" />
            <line number="45" hits="9" branch="false" />
            <line number="46" hits="9" branch="false" />
            <line number="47" hits="9" branch="false" />
            <line number="48" hits="9" branch="false" />
            <line number="51" hits="3" branch="false" />
            <line number="52" hits="3" branch="true" condition-coverage="100% (2/2)" />
            <line number="53" hits="2" branch="false" />
            <line number="54" hits="2" branch="false" />
            <line number="55" hits="2" branch="false" />
            <line number="56" hits="2" branch="false" />
            <line number="57" hits="3" branch="false" />
          </lines>
        </class>
        <class name="Vulthil.xUnit.Containers.DatabaseContainerWithRespawnerPool`3" filename="C:\Development\Vulthil\Vulthil.SharedKernel\src\Vulthil.xUnit\Containers\DatabaseContainerWithRespawnerPool.cs" line-rate="1" branch-rate="1" complexity="7">
          <methods>
            <method name="CreateCustomContainer" signature="(TContainerEntity)" line-rate="1" branch-rate="1" complexity="1">
              <lines>
                <line number="44" hits="2" branch="false" />
              </lines>
            </method>
            <method name="ApplyMigrations" signature="()" line-rate="1" branch-rate="1" complexity="6">
              <lines>
                <line number="47" hits="3" branch="false" />
                <line number="48" hits="3" branch="true" condition-coverage="100% (2/2)" />
                <line number="49" hits="1" branch="false" />
                <line number="50" hits="1" branch="false" />
                <line number="53" hits="2" branch="false" />
                <line number="54" hits="2" branch="false" />
                <line number="55" hits="2" branch="true" condition-coverage="100% (2/2)" />
                <line number="56" hits="2" branch="false" />
                <line number="57" hits="2" branch="false" />
                <line number="58" hits="2" branch="false" />
                <line number="60" hits="2" branch="true" condition-coverage="100% (2/2)" />
                <line number="61" hits="3" branch="false" />
              </lines>
            </method>
          </methods>
          <lines>
            <line number="44" hits="2" branch="false" />
            <line number="47" hits="3" branch="false" />
            <line number="48" hits="3" branch="true" condition-coverage="100% (2/2)" />
            <line number="49" hits="1" branch="false" />
            <line number="50" hits="1" branch="false" />
            <line number="53" hits="2" branch="false" />
            <line number="54" hits="2" branch="false" />
            <line number="55" hits="2" branch="true" condition-coverage="100% (2/2)" />
            <line number="56" hits="2" branch="false" />
            <line number="57" hits="2" branch="false" />
            <line number="58" hits="2" branch="false" />
            <line number="60" hits="2" branch="true" condition-coverage="100% (2/2)" />
            <line number="61" hits="3" branch="false" />
          </lines>
        </class>
        <class name="Vulthil.xUnit.Containers.IContainerWithConnectionStringPool`1" filename="C:\Development\Vulthil\Vulthil.SharedKernel\src\Vulthil.xUnit\Containers\IDatabaseContainerPool.cs" line-rate="1" branch-rate="1" complexity="1">
          <methods>
            <method name="Vulthil.xUnit.Containers.IContainerWithConnectionStringPool.GetConnectionString" signature="(DotNet.Testcontainers.Containers.IContainer)" line-rate="1" branch-rate="1" complexity="1">
              <lines>
                <line number="22" hits="24" branch="false" />
              </lines>
            </method>
          </methods>
          <lines>
            <line number="22" hits="24" branch="false" />
          </lines>
        </class>
      </classes>
    </package>
  </packages>
</coverage>