SF:C:\Development\Vulthil\Vulthil.SharedKernel\src\Vulthil.SharedKernel\Primitives\Entity.cs
FN:7,TId Vulthil.SharedKernel.Primitives.Entity`1::get_Id()
FNDA:3,TId Vulthil.SharedKernel.Primitives.Entity`1::get_Id()
DA:8,3
FN:23,System.Collections.Generic.IReadOnlyCollection`1<Vulthil.SharedKernel.Events.IDomainEvent> Vulthil.SharedKernel.Primitives.Entity`1::get_DomainEvents()
FNDA:0,System.Collections.Generic.IReadOnlyCollection`1<Vulthil.SharedKernel.Events.IDomainEvent> Vulthil.SharedKernel.Primitives.Entity`1::get_DomainEvents()
DA:24,0
FN:25,System.Void Vulthil.SharedKernel.Primitives.Entity`1::ClearDomainEvents()
FNDA:0,System.Void Vulthil.SharedKernel.Primitives.Entity`1::ClearDomainEvents()
DA:26,0
FN:27,System.Void Vulthil.SharedKernel.Primitives.Entity`1::Raise(Vulthil.SharedKernel.Events.IDomainEvent)
FNDA:0,System.Void Vulthil.SharedKernel.Primitives.Entity`1::Raise(Vulthil.SharedKernel.Events.IDomainEvent)
DA:28,0
FN:10,System.Void Vulthil.SharedKernel.Primitives.Entity`1::.ctor(TId)
FNDA:6,System.Void Vulthil.SharedKernel.Primitives.Entity`1::.ctor(TId)
DA:11,6
FN:16,System.Void Vulthil.SharedKernel.Primitives.Entity`1::.ctor()
FNDA:3,System.Void Vulthil.SharedKernel.Primitives.Entity`1::.ctor()
DA:17,3
DA:19,3
DA:20,3
DA:22,3
LF:9
LH:6
BRF:0
BRH:0
FNF:6
FNH:3
end_of_record
SF:C:\Development\Vulthil\Vulthil.SharedKernel\src\Vulthil.SharedKernel\Primitives\Error.cs
FN:7,System.String Vulthil.SharedKernel.Primitives.Error::get_Code()
FNDA:0,System.String Vulthil.SharedKernel.Primitives.Error::get_Code()
DA:8,0
FN:8,System.String Vulthil.SharedKernel.Primitives.Error::get_Description()
FNDA:0,System.String Vulthil.SharedKernel.Primitives.Error::get_Description()
DA:9,0
FN:9,Vulthil.SharedKernel.Primitives.ErrorType Vulthil.SharedKernel.Primitives.Error::get_Type()
FNDA:0,Vulthil.SharedKernel.Primitives.ErrorType Vulthil.SharedKernel.Primitives.Error::get_Type()
DA:10,0
FN:18,Vulthil.SharedKernel.Primitives.Error Vulthil.SharedKernel.Primitives.Error::Failure(System.String,System.String)
FNDA:0,Vulthil.SharedKernel.Primitives.Error Vulthil.SharedKernel.Primitives.Error::Failure(System.String,System.String)
DA:19,0
FN:19,Vulthil.SharedKernel.Primitives.Error Vulthil.SharedKernel.Primitives.Error::NotFound(System.String,System.String)
FNDA:0,Vulthil.SharedKernel.Primitives.Error Vulthil.SharedKernel.Primitives.Error::NotFound(System.String,System.String)
DA:20,0
FN:20,Vulthil.SharedKernel.Primitives.Error Vulthil.SharedKernel.Primitives.Error::Problem(System.String,System.String)
FNDA:0,Vulthil.SharedKernel.Primitives.Error Vulthil.SharedKernel.Primitives.Error::Problem(System.String,System.String)
DA:21,0
FN:21,Vulthil.SharedKernel.Primitives.Error Vulthil.SharedKernel.Primitives.Error::Conflict(System.String,System.String)
FNDA:0,Vulthil.SharedKernel.Primitives.Error Vulthil.SharedKernel.Primitives.Error::Conflict(System.String,System.String)
DA:22,0
FN:11,System.Void Vulthil.SharedKernel.Primitives.Error::.ctor(System.String,System.String,Vulthil.SharedKernel.Primitives.ErrorType)
FNDA:0,System.Void Vulthil.SharedKernel.Primitives.Error::.ctor(System.String,System.String,Vulthil.SharedKernel.Primitives.ErrorType)
DA:12,0
DA:13,0
DA:14,0
DA:15,0
DA:16,0
DA:17,0
FN:4,System.Void Vulthil.SharedKernel.Primitives.Error::.cctor()
FNDA:0,System.Void Vulthil.SharedKernel.Primitives.Error::.cctor()
DA:5,0
DA:6,0
FN:26,Vulthil.SharedKernel.Primitives.Error[] Vulthil.SharedKernel.Primitives.ValidationError::get_Errors()
FNDA:0,Vulthil.SharedKernel.Primitives.Error[] Vulthil.SharedKernel.Primitives.ValidationError::get_Errors()
DA:27,0
FN:34,Vulthil.SharedKernel.Primitives.ValidationError Vulthil.SharedKernel.Primitives.ValidationError::FromResults(System.Collections.Generic.IEnumerable`1<Vulthil.SharedKernel.Primitives.Result>)
FNDA:0,Vulthil.SharedKernel.Primitives.ValidationError Vulthil.SharedKernel.Primitives.ValidationError::FromResults(System.Collections.Generic.IEnumerable`1<Vulthil.SharedKernel.Primitives.Result>)
DA:35,0
FN:29,System.Void Vulthil.SharedKernel.Primitives.ValidationError::.ctor(Vulthil.SharedKernel.Primitives.Error[])
FNDA:0,System.Void Vulthil.SharedKernel.Primitives.ValidationError::.ctor(Vulthil.SharedKernel.Primitives.Error[])
DA:30,0
DA:31,0
DA:32,0
LF:20
LH:0
BRF:0
BRH:0
FNF:12
FNH:0
end_of_record
SF:C:\Development\Vulthil\Vulthil.SharedKernel\src\Vulthil.SharedKernel\Primitives\Result.cs
FN:5,System.Boolean Vulthil.SharedKernel.Primitives.Result::get_IsSuccess()
FNDA:0,System.Boolean Vulthil.SharedKernel.Primitives.Result::get_IsSuccess()
DA:6,0
FN:6,System.Boolean Vulthil.SharedKernel.Primitives.Result::get_IsFailure()
FNDA:0,System.Boolean Vulthil.SharedKernel.Primitives.Result::get_IsFailure()
DA:7,0
FN:7,Vulthil.SharedKernel.Primitives.Error Vulthil.SharedKernel.Primitives.Result::get_Error()
FNDA:0,Vulthil.SharedKernel.Primitives.Error Vulthil.SharedKernel.Primitives.Result::get_Error()
DA:8,0
FN:21,Vulthil.SharedKernel.Primitives.Result Vulthil.SharedKernel.Primitives.Result::Success()
FNDA:0,Vulthil.SharedKernel.Primitives.Result Vulthil.SharedKernel.Primitives.Result::Success()
DA:22,0
FN:22,Vulthil.SharedKernel.Primitives.Result`1<TValue> Vulthil.SharedKernel.Primitives.Result::Success(TValue)
FNDA:0,Vulthil.SharedKernel.Primitives.Result`1<TValue> Vulthil.SharedKernel.Primitives.Result::Success(TValue)
DA:23,0
FN:24,Vulthil.SharedKernel.Primitives.Result Vulthil.SharedKernel.Primitives.Result::Failure(Vulthil.SharedKernel.Primitives.Error)
FNDA:0,Vulthil.SharedKernel.Primitives.Result Vulthil.SharedKernel.Primitives.Result::Failure(Vulthil.SharedKernel.Primitives.Error)
DA:25,0
FN:25,Vulthil.SharedKernel.Primitives.Result`1<TValue> Vulthil.SharedKernel.Primitives.Result::Failure(Vulthil.SharedKernel.Primitives.Error)
FNDA:0,Vulthil.SharedKernel.Primitives.Result`1<TValue> Vulthil.SharedKernel.Primitives.Result::Failure(Vulthil.SharedKernel.Primitives.Error)
DA:26,0
FN:27,Vulthil.SharedKernel.Primitives.Result`1<TValue> Vulthil.SharedKernel.Primitives.Result::ValidationFailure(Vulthil.SharedKernel.Primitives.ValidationError)
FNDA:0,Vulthil.SharedKernel.Primitives.Result`1<TValue> Vulthil.SharedKernel.Primitives.Result::ValidationFailure(Vulthil.SharedKernel.Primitives.ValidationError)
DA:28,0
FN:9,System.Void Vulthil.SharedKernel.Primitives.Result::.ctor(System.Boolean,Vulthil.SharedKernel.Primitives.Error)
FNDA:0,System.Void Vulthil.SharedKernel.Primitives.Result::.ctor(System.Boolean,Vulthil.SharedKernel.Primitives.Error)
DA:10,0
DA:11,0
DA:12,0
DA:13,0
DA:14,0
DA:15,0
DA:18,0
DA:19,0
DA:20,0
BRDA:12,9,0,0
BRDA:12,9,1,0
BRDA:12,22,0,0
BRDA:12,25,0,0
BRDA:12,25,1,0
BRDA:12,22,1,0
BRDA:12,46,0,0
BRDA:12,46,1,0
FN:35,TValue Vulthil.SharedKernel.Primitives.Result`1::get_Value()
FNDA:0,TValue Vulthil.SharedKernel.Primitives.Result`1::get_Value()
DA:36,0
DA:37,0
DA:38,0
BRDA:36,6,0,0
BRDA:36,6,1,0
FN:43,Vulthil.SharedKernel.Primitives.Result`1<TValue> Vulthil.SharedKernel.Primitives.Result`1::op_Implicit(TValue)
FNDA:0,Vulthil.SharedKernel.Primitives.Result`1<TValue> Vulthil.SharedKernel.Primitives.Result`1::op_Implicit(TValue)
DA:44,0
BRDA:44,6,0,0
BRDA:44,6,1,0
FN:40,System.Void Vulthil.SharedKernel.Primitives.Result`1::.ctor(TValue,System.Boolean,Vulthil.SharedKernel.Primitives.Error)
FNDA:0,System.Void Vulthil.SharedKernel.Primitives.Result`1::.ctor(TValue,System.Boolean,Vulthil.SharedKernel.Primitives.Error)
DA:41,0
LF:22
LH:0
BRF:12
BRH:0
FNF:12
FNH:0
end_of_record
SF:C:\Development\Vulthil\Vulthil.SharedKernel\src\Vulthil.SharedKernel\Primitives\ResultExtensions.cs
FN:8,TOut Vulthil.SharedKernel.Primitives.ResultExtensions::Match(Vulthil.SharedKernel.Primitives.Result,System.Func`1<TOut>,System.Func`2<Vulthil.SharedKernel.Primitives.Result,TOut>)
FNDA:0,TOut Vulthil.SharedKernel.Primitives.ResultExtensions::Match(Vulthil.SharedKernel.Primitives.Result,System.Func`1<TOut>,System.Func`2<Vulthil.SharedKernel.Primitives.Result,TOut>)
DA:9,0
DA:10,0
DA:11,0
BRDA:10,7,0,0
BRDA:10,7,1,0
FN:16,TOut Vulthil.SharedKernel.Primitives.ResultExtensions::Match(Vulthil.SharedKernel.Primitives.Result`1<TIn>,System.Func`2<TIn,TOut>,System.Func`2<Vulthil.SharedKernel.Primitives.Result`1<TIn>,TOut>)
FNDA:0,TOut Vulthil.SharedKernel.Primitives.ResultExtensions::Match(Vulthil.SharedKernel.Primitives.Result`1<TIn>,System.Func`2<TIn,TOut>,System.Func`2<Vulthil.SharedKernel.Primitives.Result`1<TIn>,TOut>)
DA:17,0
DA:18,0
DA:19,0
BRDA:18,7,0,0
BRDA:18,7,1,0
LF:6
LH:0
BRF:4
BRH:0
FNF:2
FNH:0
end_of_record
SF:C:\Development\Vulthil\Vulthil.SharedKernel\src\Vulthil.SharedKernel\Exceptions\DomainException.cs
FN:14,Vulthil.SharedKernel.Primitives.Error Vulthil.SharedKernel.Exceptions.DomainException::get_Error()
FNDA:0,Vulthil.SharedKernel.Primitives.Error Vulthil.SharedKernel.Exceptions.DomainException::get_Error()
DA:15,0
FN:11,System.Void Vulthil.SharedKernel.Exceptions.DomainException::.ctor(Vulthil.SharedKernel.Primitives.Error)
FNDA:0,System.Void Vulthil.SharedKernel.Exceptions.DomainException::.ctor(Vulthil.SharedKernel.Primitives.Error)
DA:12,0
DA:13,0
LF:3
LH:0
BRF:0
BRH:0
FNF:2
FNH:0
end_of_record
SF:C:\Development\Vulthil\Vulthil.SharedKernel\src\Vulthil.SharedKernel\Events\IDomainEventHandler.cs
FN:8,System.Threading.Tasks.Task Vulthil.SharedKernel.Events.IDomainEventHandler`1::MediatR.INotificationHandler<TDomainEvent>.Handle(TDomainEvent,System.Threading.CancellationToken)
FNDA:0,System.Threading.Tasks.Task Vulthil.SharedKernel.Events.IDomainEventHandler`1::MediatR.INotificationHandler<TDomainEvent>.Handle(TDomainEvent,System.Threading.CancellationToken)
DA:9,0
LF:1
LH:0
BRF:0
BRH:0
FNF:1
FNH:0
end_of_record
SF:C:\Development\Vulthil\Vulthil.SharedKernel\src\Vulthil.SharedKernel.xUnit\BaseIntegrationTestCase.cs
FN:7,Vulthil.SharedKernel.xUnit.BaseWebApplicationFactory`1<TEntryPoint> Vulthil.SharedKernel.xUnit.BaseIntegrationTestCase`1::get_Factory()
FNDA:6,Vulthil.SharedKernel.xUnit.BaseWebApplicationFactory`1<TEntryPoint> Vulthil.SharedKernel.xUnit.BaseIntegrationTestCase`1::get_Factory()
DA:8,6
FN:11,System.IServiceProvider Vulthil.SharedKernel.xUnit.BaseIntegrationTestCase`1::get_ScopedServices()
FNDA:3,System.IServiceProvider Vulthil.SharedKernel.xUnit.BaseIntegrationTestCase`1::get_ScopedServices()
DA:12,3
FN:32,System.Threading.Tasks.ValueTask Vulthil.SharedKernel.xUnit.BaseIntegrationTestCase`1::Initialize()
FNDA:3,System.Threading.Tasks.ValueTask Vulthil.SharedKernel.xUnit.BaseIntegrationTestCase`1::Initialize()
DA:33,3
FN:13,System.Void Vulthil.SharedKernel.xUnit.BaseIntegrationTestCase`1::.ctor(Vulthil.SharedKernel.xUnit.BaseWebApplicationFactory`1<TEntryPoint>)
FNDA:3,System.Void Vulthil.SharedKernel.xUnit.BaseIntegrationTestCase`1::.ctor(Vulthil.SharedKernel.xUnit.BaseWebApplicationFactory`1<TEntryPoint>)
DA:14,3
DA:15,3
DA:16,3
DA:17,3
DA:18,3
DA:19,3
FN:21,System.Void Vulthil.SharedKernel.xUnit.BaseIntegrationTestCase`1/<DisposeAsync>d__8::MoveNext()
FNDA:3,System.Void Vulthil.SharedKernel.xUnit.BaseIntegrationTestCase`1/<DisposeAsync>d__8::MoveNext()
DA:22,3
DA:23,3
DA:24,3
DA:25,3
DA:26,3
FN:28,System.Void Vulthil.SharedKernel.xUnit.BaseIntegrationTestCase`1/<InitializeAsync>d__9::MoveNext()
FNDA:3,System.Void Vulthil.SharedKernel.xUnit.BaseIntegrationTestCase`1/<InitializeAsync>d__9::MoveNext()
DA:29,3
DA:30,3
DA:31,3
DA:32,3
LF:18
LH:18
BRF:0
BRH:0
FNF:6
FNH:6
end_of_record
SF:C:\Development\Vulthil\Vulthil.SharedKernel\src\Vulthil.SharedKernel.xUnit\BaseUnitTestCase.cs
FN:7,Moq.AutoMock.AutoMocker Vulthil.SharedKernel.xUnit.BaseUnitTestCase::get_AutoMocker()
FNDA:0,Moq.AutoMock.AutoMocker Vulthil.SharedKernel.xUnit.BaseUnitTestCase::get_AutoMocker()
DA:8,0
FN:10,System.Threading.Tasks.ValueTask Vulthil.SharedKernel.xUnit.BaseUnitTestCase::DisposeAsync()
FNDA:0,System.Threading.Tasks.ValueTask Vulthil.SharedKernel.xUnit.BaseUnitTestCase::DisposeAsync()
DA:11,0
DA:12,0
DA:13,0
DA:14,0
FN:15,System.Threading.Tasks.ValueTask Vulthil.SharedKernel.xUnit.BaseUnitTestCase::InitializeAsync()
FNDA:0,System.Threading.Tasks.ValueTask Vulthil.SharedKernel.xUnit.BaseUnitTestCase::InitializeAsync()
DA:16,0
FN:17,System.Threading.Tasks.ValueTask Vulthil.SharedKernel.xUnit.BaseUnitTestCase::Initialize()
FNDA:0,System.Threading.Tasks.ValueTask Vulthil.SharedKernel.xUnit.BaseUnitTestCase::Initialize()
DA:18,0
FN:23,TTarget Vulthil.SharedKernel.xUnit.BaseUnitTestCase`1::get_Target()
FNDA:0,TTarget Vulthil.SharedKernel.xUnit.BaseUnitTestCase`1::get_Target()
DA:24,0
FN:27,TTarget Vulthil.SharedKernel.xUnit.BaseUnitTestCase`1::CreateInstance()
FNDA:0,TTarget Vulthil.SharedKernel.xUnit.BaseUnitTestCase`1::CreateInstance()
DA:28,0
FN:25,System.Void Vulthil.SharedKernel.xUnit.BaseUnitTestCase`1::.ctor()
FNDA:0,System.Void Vulthil.SharedKernel.xUnit.BaseUnitTestCase`1::.ctor()
DA:26,0
LF:10
LH:0
BRF:0
BRH:0
FNF:7
FNH:0
end_of_record
SF:C:\Development\Vulthil\Vulthil.SharedKernel\src\Vulthil.SharedKernel.xUnit\BaseWebApplicationFactory.cs
FN:33,System.Void Vulthil.SharedKernel.xUnit.BaseWebApplicationFactory`1::AddDbContext(Microsoft.Extensions.DependencyInjection.IServiceCollection,Vulthil.SharedKernel.xUnit.Containers.IDatabaseContainer)
FNDA:3,System.Void Vulthil.SharedKernel.xUnit.BaseWebApplicationFactory`1::AddDbContext(Microsoft.Extensions.DependencyInjection.IServiceCollection,Vulthil.SharedKernel.xUnit.Containers.IDatabaseContainer)
DA:34,3
DA:35,3
DA:37,3
DA:38,3
FN:40,System.Void Vulthil.SharedKernel.xUnit.BaseWebApplicationFactory`1::ConfigureWebHost(Microsoft.AspNetCore.Hosting.IWebHostBuilder)
FNDA:3,System.Void Vulthil.SharedKernel.xUnit.BaseWebApplicationFactory`1::ConfigureWebHost(Microsoft.AspNetCore.Hosting.IWebHostBuilder)
DA:41,3
DA:42,3
DA:43,3
DA:44,15
DA:45,3
DA:46,3
DA:47,3
DA:48,3
DA:49,6
DA:50,3
FN:15,System.Void Vulthil.SharedKernel.xUnit.BaseWebApplicationFactory`1::.ctor(Vulthil.SharedKernel.xUnit.Containers.IDatabaseContainerPool[])
FNDA:3,System.Void Vulthil.SharedKernel.xUnit.BaseWebApplicationFactory`1::.ctor(Vulthil.SharedKernel.xUnit.Containers.IDatabaseContainerPool[])
DA:16,3
DA:18,6
FN:28,System.Void Vulthil.SharedKernel.xUnit.BaseWebApplicationFactory`1::.cctor()
FNDA:1,System.Void Vulthil.SharedKernel.xUnit.BaseWebApplicationFactory`1::.cctor()
DA:29,1
DA:30,1
FN:52,System.Void Vulthil.SharedKernel.xUnit.BaseWebApplicationFactory`1/<DisposeAsync>d__7::MoveNext()
FNDA:3,System.Void Vulthil.SharedKernel.xUnit.BaseWebApplicationFactory`1/<DisposeAsync>d__7::MoveNext()
DA:53,3
DA:54,15
DA:55,3
DA:56,3
DA:57,3
DA:59,3
DA:60,3
DA:61,3
BRDA:54,126,1,3
BRDA:54,126,0,3
FN:20,System.Void Vulthil.SharedKernel.xUnit.BaseWebApplicationFactory`1/<InitializeAsync>d__3::MoveNext()
FNDA:3,System.Void Vulthil.SharedKernel.xUnit.BaseWebApplicationFactory`1/<InitializeAsync>d__3::MoveNext()
DA:21,3
DA:22,15
DA:23,3
DA:24,3
DA:25,3
DA:26,3
DA:27,3
BRDA:22,262,1,3
BRDA:22,262,0,3
FN:71,System.Void Vulthil.SharedKernel.xUnit.BaseWebApplicationFactory`1/<InitializeRespawners>d__9::MoveNext()
FNDA:3,System.Void Vulthil.SharedKernel.xUnit.BaseWebApplicationFactory`1/<InitializeRespawners>d__9::MoveNext()
DA:72,3
DA:73,3
DA:74,15
DA:75,3
DA:76,3
DA:77,3
DA:78,3
DA:79,3
BRDA:74,414,1,3
BRDA:74,414,0,3
FN:63,System.Void Vulthil.SharedKernel.xUnit.BaseWebApplicationFactory`1/<ResetDatabase>d__8::MoveNext()
FNDA:3,System.Void Vulthil.SharedKernel.xUnit.BaseWebApplicationFactory`1/<ResetDatabase>d__8::MoveNext()
DA:64,3
DA:65,15
DA:66,3
DA:67,3
DA:68,3
DA:69,3
BRDA:65,207,1,3
BRDA:65,207,0,3
LF:47
LH:47
BRF:10
BRH:10
FNF:8
FNH:8
end_of_record
SF:C:\Development\Vulthil\Vulthil.SharedKernel\src\Vulthil.SharedKernel.xUnit\Containers\DatabaseContainerPool.cs
FN:14,System.Func`1<System.Action`1<Microsoft.EntityFrameworkCore.DbContextOptionsBuilder>> Vulthil.SharedKernel.xUnit.Containers.DatabaseContainer::get_OptionsAction()
FNDA:3,System.Func`1<System.Action`1<Microsoft.EntityFrameworkCore.DbContextOptionsBuilder>> Vulthil.SharedKernel.xUnit.Containers.DatabaseContainer::get_OptionsAction()
DA:15,3
FN:15,System.Type Vulthil.SharedKernel.xUnit.Containers.DatabaseContainer::get_DbContextType()
FNDA:3,System.Type Vulthil.SharedKernel.xUnit.Containers.DatabaseContainer::get_DbContextType()
DA:16,3
FN:17,System.Boolean Vulthil.SharedKernel.xUnit.Containers.DatabaseContainer::get_HasBeenMigrated()
FNDA:5,System.Boolean Vulthil.SharedKernel.xUnit.Containers.DatabaseContainer::get_HasBeenMigrated()
DA:18,5
FN:46,System.Void Vulthil.SharedKernel.xUnit.Containers.DatabaseContainer::MarkMigrated()
FNDA:2,System.Void Vulthil.SharedKernel.xUnit.Containers.DatabaseContainer::MarkMigrated()
DA:47,2
FN:47,System.Threading.Tasks.ValueTask Vulthil.SharedKernel.xUnit.Containers.DatabaseContainer::DisposeAsync()
FNDA:2,System.Threading.Tasks.ValueTask Vulthil.SharedKernel.xUnit.Containers.DatabaseContainer::DisposeAsync()
DA:48,2
FN:19,System.Void Vulthil.SharedKernel.xUnit.Containers.DatabaseContainer::.ctor(System.Type,DotNet.Testcontainers.Containers.IDatabaseContainer,System.Func`2<System.String,System.Action`1<Microsoft.EntityFrameworkCore.DbContextOptionsBuilder>>,System.ValueTuple`2<Respawn.RespawnerOptions,System.Func`2<System.String,System.Threading.Tasks.Task`1<System.Data.Common.DbConnection>>>)
FNDA:2,System.Void Vulthil.SharedKernel.xUnit.Containers.DatabaseContainer::.ctor(System.Type,DotNet.Testcontainers.Containers.IDatabaseContainer,System.Func`2<System.String,System.Action`1<Microsoft.EntityFrameworkCore.DbContextOptionsBuilder>>,System.ValueTuple`2<Respawn.RespawnerOptions,System.Func`2<System.String,System.Threading.Tasks.Task`1<System.Data.Common.DbConnection>>>)
DA:20,2
DA:21,2
DA:22,2
DA:23,2
DA:24,2
DA:25,5
DA:26,2
FN:37,System.Void Vulthil.SharedKernel.xUnit.Containers.DatabaseContainer/<InitializeRespawner>d__15::MoveNext()
FNDA:3,System.Void Vulthil.SharedKernel.xUnit.Containers.DatabaseContainer/<InitializeRespawner>d__15::MoveNext()
DA:38,3
DA:39,3
DA:40,2
DA:41,2
DA:42,2
DA:43,2
DA:44,2
DA:45,3
BRDA:39,45,0,2
BRDA:39,45,1,3
FN:28,System.Void Vulthil.SharedKernel.xUnit.Containers.DatabaseContainer/<ResetAsync>d__14::MoveNext()
FNDA:3,System.Void Vulthil.SharedKernel.xUnit.Containers.DatabaseContainer/<ResetAsync>d__14::MoveNext()
DA:29,3
DA:30,3
DA:31,3
DA:32,3
DA:33,3
DA:34,3
DA:35,3
BRDA:30,45,0,3
BRDA:30,45,1,3
FN:103,System.Void Vulthil.SharedKernel.xUnit.Containers.DatabaseContainerPool`3::ReleaseContainer(Vulthil.SharedKernel.xUnit.Containers.IDatabaseContainer)
FNDA:3,System.Void Vulthil.SharedKernel.xUnit.Containers.DatabaseContainerPool`3::ReleaseContainer(Vulthil.SharedKernel.xUnit.Containers.IDatabaseContainer)
DA:104,3
DA:105,3
DA:106,3
DA:107,3
DA:108,3
DA:109,3
DA:110,3
DA:111,3
BRDA:105,15,0,3
BRDA:105,15,1,3
FN:57,System.Void Vulthil.SharedKernel.xUnit.Containers.DatabaseContainerPool`3::.ctor()
FNDA:1,System.Void Vulthil.SharedKernel.xUnit.Containers.DatabaseContainerPool`3::.ctor()
DA:58,1
DA:62,1
DA:69,1
DA:70,1
DA:71,1
DA:72,1
DA:73,1
FN:113,System.Void Vulthil.SharedKernel.xUnit.Containers.DatabaseContainerPool`3/<DisposeAsync>d__16::MoveNext()
FNDA:1,System.Void Vulthil.SharedKernel.xUnit.Containers.DatabaseContainerPool`3/<DisposeAsync>d__16::MoveNext()
DA:114,1
DA:115,7
DA:116,2
DA:117,2
DA:118,2
DA:119,1
DA:120,1
DA:121,1
BRDA:115,208,1,2
BRDA:115,208,0,1
FN:89,System.Void Vulthil.SharedKernel.xUnit.Containers.DatabaseContainerPool`3/<GetContainerAsync>d__14::MoveNext()
FNDA:3,System.Void Vulthil.SharedKernel.xUnit.Containers.DatabaseContainerPool`3/<GetContainerAsync>d__14::MoveNext()
DA:90,3
DA:91,3
DA:93,3
DA:94,3
DA:95,3
DA:96,3
DA:100,0
DA:101,3
BRDA:93,147,0,3
BRDA:93,147,1,0
FN:75,System.Void Vulthil.SharedKernel.xUnit.Containers.DatabaseContainerPool`3/<InitializeAsync>d__13::MoveNext()
FNDA:1,System.Void Vulthil.SharedKernel.xUnit.Containers.DatabaseContainerPool`3/<InitializeAsync>d__13::MoveNext()
DA:76,1
DA:77,6
DA:78,2
DA:79,2
DA:80,2
DA:82,2
DA:84,2
DA:85,2
DA:86,2
DA:87,1
BRDA:77,330,1,2
BRDA:82,73,0,2
BRDA:82,73,1,2
BRDA:77,330,0,1
LF:68
LH:67
BRF:14
BRH:13
FNF:13
FNH:13
end_of_record
SF:C:\Development\Vulthil\Vulthil.SharedKernel\samples\WebApi\WebApi\Program.cs
FN:3,System.Void Program/<<Main>$>d__0::MoveNext()
FNDA:3,System.Void Program/<<Main>$>d__0::MoveNext()
DA:4,3
DA:8,3
DA:10,3
DA:11,8
DA:13,3
DA:17,3
DA:19,3
DA:21,3
DA:22,3
DA:24,3
LF:10
LH:10
BRF:0
BRH:0
FNF:1
FNH:1
end_of_record
SF:C:\Development\Vulthil\Vulthil.SharedKernel\samples\WebApi\WebApi\Models\WebApiEntity.cs
FN:4,System.Guid WebApi.Models.WebApiEntityId::get_Value()
FNDA:12,System.Guid WebApi.Models.WebApiEntityId::get_Value()
DA:5,12
FN:8,System.String WebApi.Models.WebApiEntity::get_Name()
FNDA:3,System.String WebApi.Models.WebApiEntity::get_Name()
DA:9,3
FN:10,WebApi.Models.WebApiEntity WebApi.Models.WebApiEntity::Create(System.String)
FNDA:3,WebApi.Models.WebApiEntity WebApi.Models.WebApiEntity::Create(System.String)
DA:11,3
FN:9,System.Void WebApi.Models.WebApiEntity::.ctor(System.String)
FNDA:6,System.Void WebApi.Models.WebApiEntity::.ctor(System.String)
DA:10,6
LF:4
LH:4
BRF:0
BRH:0
FNF:4
FNH:4
end_of_record
SF:C:\Development\Vulthil\Vulthil.SharedKernel\samples\WebApi\WebApi\Migrations\20250113141251_InitialCreate.cs
FN:12,System.Void WebApi.Migrations.InitialCreate::Up(Microsoft.EntityFrameworkCore.Migrations.MigrationBuilder)
FNDA:4,System.Void WebApi.Migrations.InitialCreate::Up(Microsoft.EntityFrameworkCore.Migrations.MigrationBuilder)
DA:13,4
DA:14,4
DA:15,4
DA:16,4
DA:17,4
DA:18,4
DA:19,4
DA:20,4
DA:21,4
DA:22,4
DA:23,4
DA:24,8
DA:25,4
FN:28,System.Void WebApi.Migrations.InitialCreate::Down(Microsoft.EntityFrameworkCore.Migrations.MigrationBuilder)
FNDA:0,System.Void WebApi.Migrations.InitialCreate::Down(Microsoft.EntityFrameworkCore.Migrations.MigrationBuilder)
DA:29,0
DA:30,0
DA:31,0
DA:32,0
LF:17
LH:13
BRF:0
BRH:0
FNF:2
FNH:1
end_of_record
SF:C:\Development\Vulthil\Vulthil.SharedKernel\samples\WebApi\WebApi\Migrations\20250113141251_InitialCreate.Designer.cs
FN:19,System.Void WebApi.Migrations.InitialCreate::BuildTargetModel(Microsoft.EntityFrameworkCore.ModelBuilder)
FNDA:2,System.Void WebApi.Migrations.InitialCreate::BuildTargetModel(Microsoft.EntityFrameworkCore.ModelBuilder)
DA:20,2
DA:22,2
DA:23,2
DA:24,2
DA:26,2
DA:28,2
DA:29,2
DA:30,2
DA:31,2
DA:32,2
DA:33,2
DA:34,2
DA:35,2
DA:36,2
DA:37,2
DA:38,2
DA:39,2
DA:40,4
DA:42,2
LF:19
LH:19
BRF:0
BRH:0
FNF:1
FNH:1
end_of_record
SF:C:\Development\Vulthil\Vulthil.SharedKernel\samples\WebApi\WebApi\Migrations\WebApiDbContextModelSnapshot.cs
FN:16,System.Void WebApi.Migrations.WebApiDbContextModelSnapshot::BuildModel(Microsoft.EntityFrameworkCore.ModelBuilder)
FNDA:2,System.Void WebApi.Migrations.WebApiDbContextModelSnapshot::BuildModel(Microsoft.EntityFrameworkCore.ModelBuilder)
DA:17,2
DA:19,2
DA:20,2
DA:21,2
DA:23,2
DA:25,2
DA:26,2
DA:27,2
DA:28,2
DA:29,2
DA:30,2
DA:31,2
DA:32,2
DA:33,2
DA:34,2
DA:35,2
DA:36,2
DA:37,4
DA:39,2
LF:19
LH:19
BRF:0
BRH:0
FNF:1
FNH:1
end_of_record
SF:C:\Development\Vulthil\Vulthil.SharedKernel\samples\WebApi\WebApi\Data\WebApiDbContext.cs
FN:7,Microsoft.EntityFrameworkCore.DbSet`1<WebApi.Models.WebApiEntity> WebApi.Data.WebApiDbContext::get_WebApiEntities()
FNDA:6,Microsoft.EntityFrameworkCore.DbSet`1<WebApi.Models.WebApiEntity> WebApi.Data.WebApiDbContext::get_WebApiEntities()
DA:8,6
FN:11,System.Void WebApi.Data.WebApiDbContext::OnModelCreating(Microsoft.EntityFrameworkCore.ModelBuilder)
FNDA:1,System.Void WebApi.Data.WebApiDbContext::OnModelCreating(Microsoft.EntityFrameworkCore.ModelBuilder)
DA:12,1
DA:13,1
DA:14,1
FN:8,System.Void WebApi.Data.WebApiDbContext::.ctor(Microsoft.EntityFrameworkCore.DbContextOptions`1<WebApi.Data.WebApiDbContext>)
FNDA:15,System.Void WebApi.Data.WebApiDbContext::.ctor(Microsoft.EntityFrameworkCore.DbContextOptions`1<WebApi.Data.WebApiDbContext>)
DA:9,15
LF:5
LH:5
BRF:0
BRH:0
FNF:3
FNH:3
end_of_record
SF:C:\Development\Vulthil\Vulthil.SharedKernel\samples\WebApi\WebApi\Data\EntityConfigurations\WebApiEntityConfiguration.cs
FN:9,System.Void WebApi.Data.EntityConfigurations.WebApiEntityConfiguration::Configure(Microsoft.EntityFrameworkCore.Metadata.Builders.EntityTypeBuilder`1<WebApi.Models.WebApiEntity>)
FNDA:1,System.Void WebApi.Data.EntityConfigurations.WebApiEntityConfiguration::Configure(Microsoft.EntityFrameworkCore.Metadata.Builders.EntityTypeBuilder`1<WebApi.Models.WebApiEntity>)
DA:10,1
DA:11,1
DA:12,1
DA:14,1
DA:15,1
DA:16,1
DA:17,1
DA:18,1
LF:8
LH:8
BRF:0
BRH:0
FNF:1
FNH:1
end_of_record